97.10.23 00:28 B E:\My Docs\Freespace7\Contents and Links\index.htm --> upload.virgin.net /docs/Contents and Links index.htm
97.10.23 01:59 B E:\My Docs\Freespace7\Contents and Links\index.htm --> upload.virgin.net /docs/Contents and Links index.htm
97.10.23 13:21 B E:\My Docs\Freespace7\Contents and Links\index.htm --> upload.virgin.net /docs/Contents and Links index.htm
97.10.23 13:21 B E:\My Docs\Freespace7\Contents and Links\WS_FTP.LOG --> upload.virgin.net /docs/Contents and Links WS_FTP.LOG
97.10.23 13:32 B E:\My Docs\Freespace7\Contents and Links\index.htm --> upload.virgin.net /docs/Contents and Links index.htm
97.10.23 13:58 B E:\My Docs\Freespace7\Contents and Links\index.htm --> upload.virgin.net /docs/Contents and Links index.htm
97.10.23 14:04 B E:\My Docs\Freespace7\Contents and Links\index.htm --> upload.virgin.net /docs/Contents and Links index.htm
97.10.23 14:07 B E:\My Docs\Freespace7\Contents and Links\index.htm --> upload.virgin.net /docs/Contents and Links index.htm
97.10.23 14:17 B E:\My Docs\Freespace7\Contents and Links\index.htm --> upload.virgin.net /docs/Contents and Links index.htm
97.10.23 14:21 B E:\My Docs\Freespace7\Contents and Links\index.htm --> upload.virgin.net /docs/Contents and Links index.htm
97.10.23 16:47 B E:\My Docs\Freespace7\Contents and Links\index.htm --> upload.virgin.net /docs/Contents and Links index.htm
97.10.23 17:28 B E:\My Docs\Freespace7\Contents and Links\index.htm --> upload.virgin.net /docs/Contents and Links index.htm
97.10.23 17:50 B E:\My Docs\Freespace7\Contents\index.htm --> upload.virgin.net /docs/Contents index.htm
97.10.23 18:11 B E:\My Docs\Freespace7\Contents\index.htm --> upload.virgin.net /docs/Contents index.htm
97.10.23 20:49 B E:\My Docs\Freespace7\Contents\index.htm --> upload.virgin.net /docs/Contents index.htm
97.10.23 20:50 B E:\My Docs\Freespace7\Contents\Pig01.jpg --> upload.virgin.net /docs/Contents Pig01.jpg
97.10.23 23:14 B E:\My Docs\Freespace7\Contents\Firework.jpg --> upload.virgin.net /docs/Contents Firework.jpg
97.10.23 23:14 B E:\My Docs\Freespace7\Contents\index.htm --> upload.virgin.net /docs/Contents index.htm
97.10.26 21:28 B E:\My Docs\Freespace7\Contents\index.htm --> upload.virgin.net /docs/Contents index.htm
97.10.26 21:36 B E:\My Docs\Freespace7\Contents\index.htm --> upload.virgin.net /docs/Contents index.htm
97.11.01 01:47 B E:\My Docs\Freespace7\Contents\index.htm --> upload.virgin.net /docs/Contents index.htm
97.11.22 11:37 B D:\My Docs\Freespace7\Greenshed Productions\Firework.jpg --> upload.virgin.net /docs/Greenshed Productions Firework.jpg
97.11.22 11:37 B D:\My Docs\Freespace7\Greenshed Productions\index.htm --> upload.virgin.net /docs/Greenshed Productions index.htm
98.09.14 01:08 B O:\My Documents\My Docs\Freespace7\Greenshed Productions\index.htm --> upload.virgin.net /docs/Greenshed Productions index.htm
