97.10.22 21:00 B E:\My Docs\Freespace7\Weights and Measures\Metric.htm <-- freespace /docs/Weights and Measures Metric.htm
97.10.23 00:29 B E:\My Docs\Freespace7\Weights and Measures\index.htm --> upload.virgin.net /docs/Weights and Measures index.htm
97.10.23 00:40 B E:\My Docs\Freespace7\Weights and Measures\Metric.htm --> upload.virgin.net /docs/Weights and Measures Metric.htm
97.10.23 02:00 B E:\My Docs\Freespace7\Weights and Measures\index.htm --> upload.virgin.net /docs/Weights and Measures index.htm
97.10.23 02:00 B E:\My Docs\Freespace7\Weights and Measures\Metric.htm --> upload.virgin.net /docs/Weights and Measures Metric.htm
97.10.23 13:26 B E:\My Docs\Freespace7\Weights and Measures\index.htm --> upload.virgin.net /docs/Weights and Measures index.htm
97.10.23 13:26 B E:\My Docs\Freespace7\Weights and Measures\Metric.htm --> upload.virgin.net /docs/Weights and Measures Metric.htm
97.10.23 13:26 B E:\My Docs\Freespace7\Weights and Measures\WS_FTP.LOG --> upload.virgin.net /docs/Weights and Measures WS_FTP.LOG
97.10.23 13:34 B E:\My Docs\Freespace7\Weights and Measures\index.htm --> upload.virgin.net /docs/Weights and Measures index.htm
97.10.23 13:34 B E:\My Docs\Freespace7\Weights and Measures\Metric.htm --> upload.virgin.net /docs/Weights and Measures Metric.htm
97.10.23 13:59 B E:\My Docs\Freespace7\Weights and Measures\index.htm --> upload.virgin.net /docs/Weights and Measures index.htm
97.10.23 13:59 B E:\My Docs\Freespace7\Weights and Measures\Metric.htm --> upload.virgin.net /docs/Weights and Measures Metric.htm
97.10.23 17:32 B E:\My Docs\Freespace7\Weights and Measures\index.htm --> upload.virgin.net /docs/Weights and Measures index.htm
97.10.23 17:32 B E:\My Docs\Freespace7\Weights and Measures\Metric.htm --> upload.virgin.net /docs/Weights and Measures Metric.htm
97.10.23 17:51 B E:\My Docs\Freespace7\WeightsMeasures\index.htm --> upload.virgin.net /docs/WeightsMeasures index.htm
97.10.23 17:51 B E:\My Docs\Freespace7\WeightsMeasures\Metric.htm --> upload.virgin.net /docs/WeightsMeasures Metric.htm
97.10.23 18:13 B E:\My Docs\Freespace7\WeightsMeasures\index.htm --> upload.virgin.net /docs/WeightsMeasures index.htm
97.10.23 18:13 B E:\My Docs\Freespace7\WeightsMeasures\Metric.htm --> upload.virgin.net /docs/WeightsMeasures Metric.htm
97.10.26 21:29 B E:\My Docs\Freespace7\WeightsMeasures\index.htm --> upload.virgin.net /docs/WeightsMeasures index.htm
97.10.26 21:29 B E:\My Docs\Freespace7\WeightsMeasures\Metric.htm --> upload.virgin.net /docs/WeightsMeasures Metric.htm
97.11.01 01:48 B E:\My Docs\Freespace7\WeightsMeasures\index.htm --> upload.virgin.net /docs/WeightsMeasures index.htm
97.11.01 01:48 B E:\My Docs\Freespace7\WeightsMeasures\Metric.htm --> upload.virgin.net /docs/WeightsMeasures Metric.htm
97.11.22 11:38 B D:\My Docs\Freespace7\WeightsMeasures\index.htm --> upload.virgin.net /docs/WeightsMeasures index.htm
97.11.22 11:38 B D:\My Docs\Freespace7\WeightsMeasures\Metric.htm --> upload.virgin.net /docs/WeightsMeasures Metric.htm
98.09.14 01:11 B O:\My Documents\My Docs\Freespace7\WeightsMeasures\index.htm --> upload.virgin.net /docs/WeightsMeasures index.htm
98.09.14 01:11 B O:\My Documents\My Docs\Freespace7\WeightsMeasures\Metric.htm --> upload.virgin.net /docs/WeightsMeasures Metric.htm
