97.10.10 18:38 B E:\My Docs\Publications\NHSWebsite\back.gif --> upload.virgin.net /docs back.gif
97.10.10 18:38 B E:\My Docs\Publications\NHSWebsite\img0.gif --> upload.virgin.net /docs img0.gif
97.10.10 18:38 B E:\My Docs\Publications\NHSWebsite\img1.gif --> upload.virgin.net /docs img1.gif
97.10.10 18:38 B E:\My Docs\Publications\NHSWebsite\img10.gif --> upload.virgin.net /docs img10.gif
97.10.10 18:38 B E:\My Docs\Publications\NHSWebsite\img11.gif --> upload.virgin.net /docs img11.gif
97.10.10 18:38 B E:\My Docs\Publications\NHSWebsite\img12.gif --> upload.virgin.net /docs img12.gif
97.10.10 18:39 B E:\My Docs\Publications\NHSWebsite\img13.gif --> upload.virgin.net /docs img13.gif
97.10.10 18:39 B E:\My Docs\Publications\NHSWebsite\img14.gif --> upload.virgin.net /docs img14.gif
97.10.10 18:39 B E:\My Docs\Publications\NHSWebsite\img15.gif --> upload.virgin.net /docs img15.gif
97.10.10 18:39 B E:\My Docs\Publications\NHSWebsite\img16.gif --> upload.virgin.net /docs img16.gif
97.10.10 18:39 B E:\My Docs\Publications\NHSWebsite\img17.gif --> upload.virgin.net /docs img17.gif
97.10.10 18:39 B E:\My Docs\Publications\NHSWebsite\img18.gif --> upload.virgin.net /docs img18.gif
97.10.10 18:39 B E:\My Docs\Publications\NHSWebsite\img19.gif --> upload.virgin.net /docs img19.gif
97.10.10 18:39 B E:\My Docs\Publications\NHSWebsite\img2.gif --> upload.virgin.net /docs img2.gif
97.10.10 18:39 B E:\My Docs\Publications\NHSWebsite\img20.gif --> upload.virgin.net /docs img20.gif
97.10.10 18:39 B E:\My Docs\Publications\NHSWebsite\img201.gif --> upload.virgin.net /docs img201.gif
97.10.10 18:39 B E:\My Docs\Publications\NHSWebsite\img21.gif --> upload.virgin.net /docs img21.gif
97.10.10 18:39 B E:\My Docs\Publications\NHSWebsite\img22.gif --> upload.virgin.net /docs img22.gif
97.10.10 18:39 B E:\My Docs\Publications\NHSWebsite\img23.gif --> upload.virgin.net /docs img23.gif
97.10.10 18:39 B E:\My Docs\Publications\NHSWebsite\img24.gif --> upload.virgin.net /docs img24.gif
97.10.10 18:39 B E:\My Docs\Publications\NHSWebsite\img25.gif --> upload.virgin.net /docs img25.gif
97.10.10 18:39 B E:\My Docs\Publications\NHSWebsite\img26.gif --> upload.virgin.net /docs img26.gif
97.10.10 18:39 B E:\My Docs\Publications\NHSWebsite\img27.gif --> upload.virgin.net /docs img27.gif
97.10.10 18:39 B E:\My Docs\Publications\NHSWebsite\img28.gif --> upload.virgin.net /docs img28.gif
97.10.10 18:39 B E:\My Docs\Publications\NHSWebsite\img29.gif --> upload.virgin.net /docs img29.gif
97.10.10 18:39 B E:\My Docs\Publications\NHSWebsite\img3.gif --> upload.virgin.net /docs img3.gif
97.10.10 18:39 B E:\My Docs\Publications\NHSWebsite\img30.gif --> upload.virgin.net /docs img30.gif
97.10.10 18:39 B E:\My Docs\Publications\NHSWebsite\img31.gif --> upload.virgin.net /docs img31.gif
97.10.10 18:39 B E:\My Docs\Publications\NHSWebsite\img32.gif --> upload.virgin.net /docs img32.gif
97.10.10 18:39 B E:\My Docs\Publications\NHSWebsite\img33.gif --> upload.virgin.net /docs img33.gif
97.10.10 18:39 B E:\My Docs\Publications\NHSWebsite\img34.gif --> upload.virgin.net /docs img34.gif
97.10.10 18:39 B E:\My Docs\Publications\NHSWebsite\img35.gif --> upload.virgin.net /docs img35.gif
97.10.10 18:39 B E:\My Docs\Publications\NHSWebsite\img36.gif --> upload.virgin.net /docs img36.gif
97.10.10 18:39 B E:\My Docs\Publications\NHSWebsite\img37.gif --> upload.virgin.net /docs img37.gif
97.10.10 18:39 B E:\My Docs\Publications\NHSWebsite\img38.gif --> upload.virgin.net /docs img38.gif
97.10.10 18:39 B E:\My Docs\Publications\NHSWebsite\img39.gif --> upload.virgin.net /docs img39.gif
97.10.10 18:40 B E:\My Docs\Publications\NHSWebsite\img4.gif --> upload.virgin.net /docs img4.gif
97.10.10 18:40 B E:\My Docs\Publications\NHSWebsite\img40.gif --> upload.virgin.net /docs img40.gif
97.10.10 18:40 B E:\My Docs\Publications\NHSWebsite\img41.gif --> upload.virgin.net /docs img41.gif
97.10.10 18:40 B E:\My Docs\Publications\NHSWebsite\img42.gif --> upload.virgin.net /docs img42.gif
97.10.10 18:40 B E:\My Docs\Publications\NHSWebsite\img43.gif --> upload.virgin.net /docs img43.gif
97.10.10 18:40 B E:\My Docs\Publications\NHSWebsite\img44.gif --> upload.virgin.net /docs img44.gif
97.10.10 18:40 B E:\My Docs\Publications\NHSWebsite\img45.gif --> upload.virgin.net /docs img45.gif
97.10.10 18:40 B E:\My Docs\Publications\NHSWebsite\img46.gif --> upload.virgin.net /docs img46.gif
97.10.10 18:40 B E:\My Docs\Publications\NHSWebsite\img47.gif --> upload.virgin.net /docs img47.gif
97.10.10 18:40 B E:\My Docs\Publications\NHSWebsite\img48.gif --> upload.virgin.net /docs img48.gif
97.10.10 18:40 B E:\My Docs\Publications\NHSWebsite\img49.gif --> upload.virgin.net /docs img49.gif
97.10.10 18:40 B E:\My Docs\Publications\NHSWebsite\img5.gif --> upload.virgin.net /docs img5.gif
97.10.10 18:40 B E:\My Docs\Publications\NHSWebsite\img50.gif --> upload.virgin.net /docs img50.gif
97.10.10 18:40 B E:\My Docs\Publications\NHSWebsite\img51.gif --> upload.virgin.net /docs img51.gif
97.10.10 18:40 B E:\My Docs\Publications\NHSWebsite\img52.gif --> upload.virgin.net /docs img52.gif
97.10.10 18:40 B E:\My Docs\Publications\NHSWebsite\img53.gif --> upload.virgin.net /docs img53.gif
97.10.10 18:40 B E:\My Docs\Publications\NHSWebsite\img54.gif --> upload.virgin.net /docs img54.gif
97.10.10 18:40 B E:\My Docs\Publications\NHSWebsite\img55.gif --> upload.virgin.net /docs img55.gif
97.10.10 18:40 B E:\My Docs\Publications\NHSWebsite\img56.gif --> upload.virgin.net /docs img56.gif
97.10.10 18:40 B E:\My Docs\Publications\NHSWebsite\img57.gif --> upload.virgin.net /docs img57.gif
97.10.10 18:40 B E:\My Docs\Publications\NHSWebsite\img58.gif --> upload.virgin.net /docs img58.gif
97.10.10 18:40 B E:\My Docs\Publications\NHSWebsite\img59.gif --> upload.virgin.net /docs img59.gif
97.10.10 18:40 B E:\My Docs\Publications\NHSWebsite\img6.gif --> upload.virgin.net /docs img6.gif
97.10.10 18:40 B E:\My Docs\Publications\NHSWebsite\img60.gif --> upload.virgin.net /docs img60.gif
97.10.10 18:40 B E:\My Docs\Publications\NHSWebsite\img61.gif --> upload.virgin.net /docs img61.gif
97.10.10 18:40 B E:\My Docs\Publications\NHSWebsite\img62.gif --> upload.virgin.net /docs img62.gif
97.10.10 18:40 B E:\My Docs\Publications\NHSWebsite\img63.gif --> upload.virgin.net /docs img63.gif
97.10.10 18:40 B E:\My Docs\Publications\NHSWebsite\img64.gif --> upload.virgin.net /docs img64.gif
97.10.10 18:40 B E:\My Docs\Publications\NHSWebsite\img65.gif --> upload.virgin.net /docs img65.gif
97.10.10 18:40 B E:\My Docs\Publications\NHSWebsite\img66.gif --> upload.virgin.net /docs img66.gif
97.10.10 18:40 B E:\My Docs\Publications\NHSWebsite\img67.gif --> upload.virgin.net /docs img67.gif
97.10.10 18:41 B E:\My Docs\Publications\NHSWebsite\img68.gif --> upload.virgin.net /docs img68.gif
97.10.10 18:41 B E:\My Docs\Publications\NHSWebsite\img69.gif --> upload.virgin.net /docs img69.gif
97.10.10 18:41 B E:\My Docs\Publications\NHSWebsite\img7.gif --> upload.virgin.net /docs img7.gif
97.10.10 18:41 B E:\My Docs\Publications\NHSWebsite\img70.gif --> upload.virgin.net /docs img70.gif
97.10.10 18:41 B E:\My Docs\Publications\NHSWebsite\img71.gif --> upload.virgin.net /docs img71.gif
97.10.10 18:41 B E:\My Docs\Publications\NHSWebsite\img72.gif --> upload.virgin.net /docs img72.gif
97.10.10 18:41 B E:\My Docs\Publications\NHSWebsite\img73.gif --> upload.virgin.net /docs img73.gif
97.10.10 18:41 B E:\My Docs\Publications\NHSWebsite\img74.gif --> upload.virgin.net /docs img74.gif
97.10.10 18:41 B E:\My Docs\Publications\NHSWebsite\img75.gif --> upload.virgin.net /docs img75.gif
97.10.10 18:41 B E:\My Docs\Publications\NHSWebsite\img76.gif --> upload.virgin.net /docs img76.gif
97.10.10 18:41 B E:\My Docs\Publications\NHSWebsite\img77.gif --> upload.virgin.net /docs img77.gif
97.10.10 18:41 B E:\My Docs\Publications\NHSWebsite\img78.gif --> upload.virgin.net /docs img78.gif
97.10.10 18:41 B E:\My Docs\Publications\NHSWebsite\img79.gif --> upload.virgin.net /docs img79.gif
97.10.10 18:41 B E:\My Docs\Publications\NHSWebsite\img8.gif --> upload.virgin.net /docs img8.gif
97.10.10 18:41 B E:\My Docs\Publications\NHSWebsite\img80.gif --> upload.virgin.net /docs img80.gif
97.10.10 18:42 B E:\My Docs\Publications\NHSWebsite\img81.gif --> upload.virgin.net /docs img81.gif
97.10.10 18:42 B E:\My Docs\Publications\NHSWebsite\img82.gif --> upload.virgin.net /docs img82.gif
97.10.10 18:42 B E:\My Docs\Publications\NHSWebsite\img83.gif --> upload.virgin.net /docs img83.gif
97.10.10 18:42 B E:\My Docs\Publications\NHSWebsite\img84.gif --> upload.virgin.net /docs img84.gif
97.10.10 18:42 B E:\My Docs\Publications\NHSWebsite\img85.gif --> upload.virgin.net /docs img85.gif
97.10.10 18:42 B E:\My Docs\Publications\NHSWebsite\img86.gif --> upload.virgin.net /docs img86.gif
97.10.10 18:42 B E:\My Docs\Publications\NHSWebsite\img87.gif --> upload.virgin.net /docs img87.gif
97.10.10 18:42 B E:\My Docs\Publications\NHSWebsite\img88.gif --> upload.virgin.net /docs img88.gif
97.10.10 18:42 B E:\My Docs\Publications\NHSWebsite\img89.gif --> upload.virgin.net /docs img89.gif
97.10.10 18:42 B E:\My Docs\Publications\NHSWebsite\img9.gif --> upload.virgin.net /docs img9.gif
97.10.10 18:42 B E:\My Docs\Publications\NHSWebsite\img90.gif --> upload.virgin.net /docs img90.gif
97.10.10 18:42 B E:\My Docs\Publications\NHSWebsite\img91.gif --> upload.virgin.net /docs img91.gif
97.10.10 18:42 B E:\My Docs\Publications\NHSWebsite\img92.gif --> upload.virgin.net /docs img92.gif
97.10.10 18:42 B E:\My Docs\Publications\NHSWebsite\img93.gif --> upload.virgin.net /docs img93.gif
97.10.10 18:42 B E:\My Docs\Publications\NHSWebsite\img94.gif --> upload.virgin.net /docs img94.gif
97.10.10 18:42 B E:\My Docs\Publications\NHSWebsite\index.html --> upload.virgin.net /docs index.html
97.10.10 18:42 B E:\My Docs\Publications\NHSWebsite\page10.html --> upload.virgin.net /docs page10.html
97.10.10 18:42 B E:\My Docs\Publications\NHSWebsite\page11.html --> upload.virgin.net /docs page11.html
97.10.10 18:42 B E:\My Docs\Publications\NHSWebsite\page12.html --> upload.virgin.net /docs page12.html
97.10.10 18:42 B E:\My Docs\Publications\NHSWebsite\page13.html --> upload.virgin.net /docs page13.html
97.10.10 18:42 B E:\My Docs\Publications\NHSWebsite\page2.html --> upload.virgin.net /docs page2.html
97.10.10 18:42 B E:\My Docs\Publications\NHSWebsite\page3.html --> upload.virgin.net /docs page3.html
97.10.10 18:42 B E:\My Docs\Publications\NHSWebsite\page4.html --> upload.virgin.net /docs page4.html
97.10.10 18:42 B E:\My Docs\Publications\NHSWebsite\page5.html --> upload.virgin.net /docs page5.html
97.10.10 18:42 B E:\My Docs\Publications\NHSWebsite\page6.html --> upload.virgin.net /docs page6.html
97.10.10 18:43 B E:\My Docs\Publications\NHSWebsite\page7.html --> upload.virgin.net /docs page7.html
97.10.10 18:43 B E:\My Docs\Publications\NHSWebsite\page8.html --> upload.virgin.net /docs page8.html
97.10.10 18:43 B E:\My Docs\Publications\NHSWebsite\page9.html --> upload.virgin.net /docs page9.html
97.10.11 20:25 B E:\My Docs\Publications\NHSWebsite\back.gif --> upload.virgin.net /docs/N.H.S. back.gif
97.10.11 20:25 B E:\My Docs\Publications\NHSWebsite\img0.gif --> upload.virgin.net /docs/N.H.S. img0.gif
97.10.11 20:25 B E:\My Docs\Publications\NHSWebsite\img1.gif --> upload.virgin.net /docs/N.H.S. img1.gif
97.10.11 20:25 B E:\My Docs\Publications\NHSWebsite\img10.gif --> upload.virgin.net /docs/N.H.S. img10.gif
97.10.11 20:26 B E:\My Docs\Publications\NHSWebsite\img11.gif --> upload.virgin.net /docs/N.H.S. img11.gif
97.10.11 20:26 B E:\My Docs\Publications\NHSWebsite\img12.gif --> upload.virgin.net /docs/N.H.S. img12.gif
97.10.11 20:26 B E:\My Docs\Publications\NHSWebsite\img13.gif --> upload.virgin.net /docs/N.H.S. img13.gif
97.10.11 20:26 B E:\My Docs\Publications\NHSWebsite\img14.gif --> upload.virgin.net /docs/N.H.S. img14.gif
97.10.11 20:26 B E:\My Docs\Publications\NHSWebsite\img15.gif --> upload.virgin.net /docs/N.H.S. img15.gif
97.10.11 20:26 B E:\My Docs\Publications\NHSWebsite\img16.gif --> upload.virgin.net /docs/N.H.S. img16.gif
97.10.11 20:26 B E:\My Docs\Publications\NHSWebsite\img17.gif --> upload.virgin.net /docs/N.H.S. img17.gif
97.10.11 20:26 B E:\My Docs\Publications\NHSWebsite\img18.gif --> upload.virgin.net /docs/N.H.S. img18.gif
97.10.11 20:26 B E:\My Docs\Publications\NHSWebsite\img19.gif --> upload.virgin.net /docs/N.H.S. img19.gif
97.10.11 20:26 B E:\My Docs\Publications\NHSWebsite\img2.gif --> upload.virgin.net /docs/N.H.S. img2.gif
97.10.11 20:26 B E:\My Docs\Publications\NHSWebsite\img20.gif --> upload.virgin.net /docs/N.H.S. img20.gif
97.10.11 20:27 B E:\My Docs\Publications\NHSWebsite\img201.gif --> upload.virgin.net /docs/N.H.S. img201.gif
97.10.11 20:27 B E:\My Docs\Publications\NHSWebsite\img21.gif --> upload.virgin.net /docs/N.H.S. img21.gif
97.10.11 20:27 B E:\My Docs\Publications\NHSWebsite\img22.gif --> upload.virgin.net /docs/N.H.S. img22.gif
97.10.11 20:27 B E:\My Docs\Publications\NHSWebsite\img23.gif --> upload.virgin.net /docs/N.H.S. img23.gif
97.10.11 20:27 B E:\My Docs\Publications\NHSWebsite\img24.gif --> upload.virgin.net /docs/N.H.S. img24.gif
97.10.11 20:27 B E:\My Docs\Publications\NHSWebsite\img25.gif --> upload.virgin.net /docs/N.H.S. img25.gif
97.10.11 20:27 B E:\My Docs\Publications\NHSWebsite\img26.gif --> upload.virgin.net /docs/N.H.S. img26.gif
97.10.11 20:27 B E:\My Docs\Publications\NHSWebsite\img27.gif --> upload.virgin.net /docs/N.H.S. img27.gif
97.10.11 20:27 B E:\My Docs\Publications\NHSWebsite\img28.gif --> upload.virgin.net /docs/N.H.S. img28.gif
97.10.11 20:27 B E:\My Docs\Publications\NHSWebsite\img29.gif --> upload.virgin.net /docs/N.H.S. img29.gif
97.10.11 20:27 B E:\My Docs\Publications\NHSWebsite\img3.gif --> upload.virgin.net /docs/N.H.S. img3.gif
97.10.11 20:27 B E:\My Docs\Publications\NHSWebsite\img30.gif --> upload.virgin.net /docs/N.H.S. img30.gif
97.10.11 20:27 B E:\My Docs\Publications\NHSWebsite\img31.gif --> upload.virgin.net /docs/N.H.S. img31.gif
97.10.11 20:27 B E:\My Docs\Publications\NHSWebsite\img32.gif --> upload.virgin.net /docs/N.H.S. img32.gif
97.10.11 20:27 B E:\My Docs\Publications\NHSWebsite\img33.gif --> upload.virgin.net /docs/N.H.S. img33.gif
97.10.11 20:27 B E:\My Docs\Publications\NHSWebsite\img34.gif --> upload.virgin.net /docs/N.H.S. img34.gif
97.10.11 20:27 B E:\My Docs\Publications\NHSWebsite\img35.gif --> upload.virgin.net /docs/N.H.S. img35.gif
97.10.11 20:27 B E:\My Docs\Publications\NHSWebsite\img36.gif --> upload.virgin.net /docs/N.H.S. img36.gif
97.10.11 20:27 B E:\My Docs\Publications\NHSWebsite\img37.gif --> upload.virgin.net /docs/N.H.S. img37.gif
97.10.11 20:27 B E:\My Docs\Publications\NHSWebsite\img38.gif --> upload.virgin.net /docs/N.H.S. img38.gif
97.10.11 20:27 B E:\My Docs\Publications\NHSWebsite\img39.gif --> upload.virgin.net /docs/N.H.S. img39.gif
97.10.11 20:27 B E:\My Docs\Publications\NHSWebsite\img4.gif --> upload.virgin.net /docs/N.H.S. img4.gif
97.10.11 20:27 B E:\My Docs\Publications\NHSWebsite\img40.gif --> upload.virgin.net /docs/N.H.S. img40.gif
97.10.11 20:27 B E:\My Docs\Publications\NHSWebsite\img41.gif --> upload.virgin.net /docs/N.H.S. img41.gif
97.10.11 20:27 B E:\My Docs\Publications\NHSWebsite\img42.gif --> upload.virgin.net /docs/N.H.S. img42.gif
97.10.11 20:27 B E:\My Docs\Publications\NHSWebsite\img43.gif --> upload.virgin.net /docs/N.H.S. img43.gif
97.10.11 20:27 B E:\My Docs\Publications\NHSWebsite\img44.gif --> upload.virgin.net /docs/N.H.S. img44.gif
97.10.11 20:27 B E:\My Docs\Publications\NHSWebsite\img45.gif --> upload.virgin.net /docs/N.H.S. img45.gif
97.10.11 20:27 B E:\My Docs\Publications\NHSWebsite\img46.gif --> upload.virgin.net /docs/N.H.S. img46.gif
97.10.11 20:27 B E:\My Docs\Publications\NHSWebsite\img47.gif --> upload.virgin.net /docs/N.H.S. img47.gif
97.10.11 20:27 B E:\My Docs\Publications\NHSWebsite\img48.gif --> upload.virgin.net /docs/N.H.S. img48.gif
97.10.11 20:27 B E:\My Docs\Publications\NHSWebsite\img49.gif --> upload.virgin.net /docs/N.H.S. img49.gif
97.10.11 20:28 B E:\My Docs\Publications\NHSWebsite\img5.gif --> upload.virgin.net /docs/N.H.S. img5.gif
97.10.11 20:28 B E:\My Docs\Publications\NHSWebsite\img50.gif --> upload.virgin.net /docs/N.H.S. img50.gif
97.10.11 20:28 B E:\My Docs\Publications\NHSWebsite\img51.gif --> upload.virgin.net /docs/N.H.S. img51.gif
97.10.11 20:28 B E:\My Docs\Publications\NHSWebsite\img52.gif --> upload.virgin.net /docs/N.H.S. img52.gif
97.10.11 20:28 B E:\My Docs\Publications\NHSWebsite\img53.gif --> upload.virgin.net /docs/N.H.S. img53.gif
97.10.11 20:28 B E:\My Docs\Publications\NHSWebsite\img54.gif --> upload.virgin.net /docs/N.H.S. img54.gif
97.10.11 20:28 B E:\My Docs\Publications\NHSWebsite\img55.gif --> upload.virgin.net /docs/N.H.S. img55.gif
97.10.11 20:28 B E:\My Docs\Publications\NHSWebsite\img56.gif --> upload.virgin.net /docs/N.H.S. img56.gif
97.10.11 20:28 B E:\My Docs\Publications\NHSWebsite\img57.gif --> upload.virgin.net /docs/N.H.S. img57.gif
97.10.11 20:28 B E:\My Docs\Publications\NHSWebsite\img58.gif --> upload.virgin.net /docs/N.H.S. img58.gif
97.10.11 20:28 B E:\My Docs\Publications\NHSWebsite\img59.gif --> upload.virgin.net /docs/N.H.S. img59.gif
97.10.11 20:28 B E:\My Docs\Publications\NHSWebsite\img6.gif --> upload.virgin.net /docs/N.H.S. img6.gif
97.10.11 20:28 B E:\My Docs\Publications\NHSWebsite\img60.gif --> upload.virgin.net /docs/N.H.S. img60.gif
97.10.11 20:28 B E:\My Docs\Publications\NHSWebsite\img61.gif --> upload.virgin.net /docs/N.H.S. img61.gif
97.10.11 20:28 B E:\My Docs\Publications\NHSWebsite\img62.gif --> upload.virgin.net /docs/N.H.S. img62.gif
97.10.11 20:28 B E:\My Docs\Publications\NHSWebsite\img63.gif --> upload.virgin.net /docs/N.H.S. img63.gif
97.10.11 20:28 B E:\My Docs\Publications\NHSWebsite\img64.gif --> upload.virgin.net /docs/N.H.S. img64.gif
97.10.11 20:28 B E:\My Docs\Publications\NHSWebsite\img65.gif --> upload.virgin.net /docs/N.H.S. img65.gif
97.10.11 20:28 B E:\My Docs\Publications\NHSWebsite\img66.gif --> upload.virgin.net /docs/N.H.S. img66.gif
97.10.11 20:28 B E:\My Docs\Publications\NHSWebsite\img67.gif --> upload.virgin.net /docs/N.H.S. img67.gif
97.10.11 20:28 B E:\My Docs\Publications\NHSWebsite\img68.gif --> upload.virgin.net /docs/N.H.S. img68.gif
97.10.11 20:28 B E:\My Docs\Publications\NHSWebsite\img69.gif --> upload.virgin.net /docs/N.H.S. img69.gif
97.10.11 20:28 B E:\My Docs\Publications\NHSWebsite\img7.gif --> upload.virgin.net /docs/N.H.S. img7.gif
97.10.11 20:28 B E:\My Docs\Publications\NHSWebsite\img70.gif --> upload.virgin.net /docs/N.H.S. img70.gif
97.10.11 20:28 B E:\My Docs\Publications\NHSWebsite\img71.gif --> upload.virgin.net /docs/N.H.S. img71.gif
97.10.11 20:28 B E:\My Docs\Publications\NHSWebsite\img72.gif --> upload.virgin.net /docs/N.H.S. img72.gif
97.10.11 20:28 B E:\My Docs\Publications\NHSWebsite\img73.gif --> upload.virgin.net /docs/N.H.S. img73.gif
97.10.11 20:28 B E:\My Docs\Publications\NHSWebsite\img74.gif --> upload.virgin.net /docs/N.H.S. img74.gif
97.10.11 20:29 B E:\My Docs\Publications\NHSWebsite\img75.gif --> upload.virgin.net /docs/N.H.S. img75.gif
97.10.11 20:29 B E:\My Docs\Publications\NHSWebsite\img76.gif --> upload.virgin.net /docs/N.H.S. img76.gif
97.10.11 20:29 B E:\My Docs\Publications\NHSWebsite\img77.gif --> upload.virgin.net /docs/N.H.S. img77.gif
97.10.11 20:29 B E:\My Docs\Publications\NHSWebsite\img78.gif --> upload.virgin.net /docs/N.H.S. img78.gif
97.10.11 20:29 B E:\My Docs\Publications\NHSWebsite\img79.gif --> upload.virgin.net /docs/N.H.S. img79.gif
97.10.11 20:29 B E:\My Docs\Publications\NHSWebsite\img8.gif --> upload.virgin.net /docs/N.H.S. img8.gif
97.10.11 20:29 B E:\My Docs\Publications\NHSWebsite\img80.gif --> upload.virgin.net /docs/N.H.S. img80.gif
97.10.11 20:29 B E:\My Docs\Publications\NHSWebsite\img81.gif --> upload.virgin.net /docs/N.H.S. img81.gif
97.10.11 20:29 B E:\My Docs\Publications\NHSWebsite\img82.gif --> upload.virgin.net /docs/N.H.S. img82.gif
97.10.11 20:29 B E:\My Docs\Publications\NHSWebsite\img83.gif --> upload.virgin.net /docs/N.H.S. img83.gif
97.10.11 20:29 B E:\My Docs\Publications\NHSWebsite\img84.gif --> upload.virgin.net /docs/N.H.S. img84.gif
97.10.11 20:29 B E:\My Docs\Publications\NHSWebsite\img85.gif --> upload.virgin.net /docs/N.H.S. img85.gif
97.10.11 20:29 B E:\My Docs\Publications\NHSWebsite\img86.gif --> upload.virgin.net /docs/N.H.S. img86.gif
97.10.11 20:29 B E:\My Docs\Publications\NHSWebsite\img87.gif --> upload.virgin.net /docs/N.H.S. img87.gif
97.10.11 20:29 B E:\My Docs\Publications\NHSWebsite\img88.gif --> upload.virgin.net /docs/N.H.S. img88.gif
97.10.11 20:29 B E:\My Docs\Publications\NHSWebsite\img89.gif --> upload.virgin.net /docs/N.H.S. img89.gif
97.10.11 20:29 B E:\My Docs\Publications\NHSWebsite\img9.gif --> upload.virgin.net /docs/N.H.S. img9.gif
97.10.11 20:29 B E:\My Docs\Publications\NHSWebsite\img90.gif --> upload.virgin.net /docs/N.H.S. img90.gif
97.10.11 20:29 B E:\My Docs\Publications\NHSWebsite\img91.gif --> upload.virgin.net /docs/N.H.S. img91.gif
97.10.11 20:29 B E:\My Docs\Publications\NHSWebsite\img92.gif --> upload.virgin.net /docs/N.H.S. img92.gif
97.10.11 20:29 B E:\My Docs\Publications\NHSWebsite\img93.gif --> upload.virgin.net /docs/N.H.S. img93.gif
97.10.11 20:29 B E:\My Docs\Publications\NHSWebsite\img94.gif --> upload.virgin.net /docs/N.H.S. img94.gif
97.10.11 20:29 B E:\My Docs\Publications\NHSWebsite\index.html --> upload.virgin.net /docs/N.H.S. index.html
97.10.11 20:29 B E:\My Docs\Publications\NHSWebsite\page10.html --> upload.virgin.net /docs/N.H.S. page10.html
97.10.11 20:29 B E:\My Docs\Publications\NHSWebsite\page11.html --> upload.virgin.net /docs/N.H.S. page11.html
97.10.11 20:29 B E:\My Docs\Publications\NHSWebsite\page12.html --> upload.virgin.net /docs/N.H.S. page12.html
97.10.11 20:30 B E:\My Docs\Publications\NHSWebsite\page13.html --> upload.virgin.net /docs/N.H.S. page13.html
97.10.11 20:30 B E:\My Docs\Publications\NHSWebsite\page2.html --> upload.virgin.net /docs/N.H.S. page2.html
97.10.11 20:30 B E:\My Docs\Publications\NHSWebsite\page3.html --> upload.virgin.net /docs/N.H.S. page3.html
97.10.11 20:30 B E:\My Docs\Publications\NHSWebsite\page4.html --> upload.virgin.net /docs/N.H.S. page4.html
97.10.11 20:30 B E:\My Docs\Publications\NHSWebsite\page5.html --> upload.virgin.net /docs/N.H.S. page5.html
97.10.11 20:30 B E:\My Docs\Publications\NHSWebsite\page6.html --> upload.virgin.net /docs/N.H.S. page6.html
97.10.11 20:30 B E:\My Docs\Publications\NHSWebsite\page7.html --> upload.virgin.net /docs/N.H.S. page7.html
97.10.11 20:30 B E:\My Docs\Publications\NHSWebsite\page8.html --> upload.virgin.net /docs/N.H.S. page8.html
97.10.11 20:30 B E:\My Docs\Publications\NHSWebsite\page9.html --> upload.virgin.net /docs/N.H.S. page9.html
97.10.11 23:40 B E:\My Docs\Publications\NHSWebsite\back.gif --> upload.virgin.net /docs/N.H.S. back.gif
97.10.11 23:40 B E:\My Docs\Publications\NHSWebsite\img0.gif --> upload.virgin.net /docs/N.H.S. img0.gif
97.10.11 23:40 B E:\My Docs\Publications\NHSWebsite\img1.gif --> upload.virgin.net /docs/N.H.S. img1.gif
97.10.11 23:40 B E:\My Docs\Publications\NHSWebsite\img10.gif --> upload.virgin.net /docs/N.H.S. img10.gif
97.10.11 23:40 B E:\My Docs\Publications\NHSWebsite\img100.gif --> upload.virgin.net /docs/N.H.S. img100.gif
97.10.11 23:40 B E:\My Docs\Publications\NHSWebsite\img101.gif --> upload.virgin.net /docs/N.H.S. img101.gif
97.10.11 23:40 B E:\My Docs\Publications\NHSWebsite\img102.gif --> upload.virgin.net /docs/N.H.S. img102.gif
97.10.11 23:40 B E:\My Docs\Publications\NHSWebsite\img103.gif --> upload.virgin.net /docs/N.H.S. img103.gif
97.10.11 23:40 B E:\My Docs\Publications\NHSWebsite\img104.gif --> upload.virgin.net /docs/N.H.S. img104.gif
97.10.11 23:40 B E:\My Docs\Publications\NHSWebsite\img105.gif --> upload.virgin.net /docs/N.H.S. img105.gif
97.10.11 23:40 B E:\My Docs\Publications\NHSWebsite\img106.gif --> upload.virgin.net /docs/N.H.S. img106.gif
97.10.11 23:40 B E:\My Docs\Publications\NHSWebsite\img107.gif --> upload.virgin.net /docs/N.H.S. img107.gif
97.10.11 23:41 B E:\My Docs\Publications\NHSWebsite\img108.gif --> upload.virgin.net /docs/N.H.S. img108.gif
97.10.11 23:41 B E:\My Docs\Publications\NHSWebsite\img109.gif --> upload.virgin.net /docs/N.H.S. img109.gif
97.10.11 23:41 B E:\My Docs\Publications\NHSWebsite\img11.gif --> upload.virgin.net /docs/N.H.S. img11.gif
97.10.11 23:41 B E:\My Docs\Publications\NHSWebsite\img110.gif --> upload.virgin.net /docs/N.H.S. img110.gif
97.10.11 23:41 B E:\My Docs\Publications\NHSWebsite\img111.gif --> upload.virgin.net /docs/N.H.S. img111.gif
97.10.11 23:41 B E:\My Docs\Publications\NHSWebsite\img112.gif --> upload.virgin.net /docs/N.H.S. img112.gif
97.10.11 23:41 B E:\My Docs\Publications\NHSWebsite\img113.gif --> upload.virgin.net /docs/N.H.S. img113.gif
97.10.11 23:41 B E:\My Docs\Publications\NHSWebsite\img114.gif --> upload.virgin.net /docs/N.H.S. img114.gif
97.10.11 23:41 B E:\My Docs\Publications\NHSWebsite\img115.gif --> upload.virgin.net /docs/N.H.S. img115.gif
97.10.11 23:41 B E:\My Docs\Publications\NHSWebsite\img12.gif --> upload.virgin.net /docs/N.H.S. img12.gif
97.10.11 23:41 B E:\My Docs\Publications\NHSWebsite\img13.gif --> upload.virgin.net /docs/N.H.S. img13.gif
97.10.11 23:41 B E:\My Docs\Publications\NHSWebsite\img14.gif --> upload.virgin.net /docs/N.H.S. img14.gif
97.10.11 23:41 B E:\My Docs\Publications\NHSWebsite\img15.gif --> upload.virgin.net /docs/N.H.S. img15.gif
97.10.11 23:41 B E:\My Docs\Publications\NHSWebsite\img16.gif --> upload.virgin.net /docs/N.H.S. img16.gif
97.10.11 23:41 B E:\My Docs\Publications\NHSWebsite\img17.gif --> upload.virgin.net /docs/N.H.S. img17.gif
97.10.11 23:41 B E:\My Docs\Publications\NHSWebsite\img18.gif --> upload.virgin.net /docs/N.H.S. img18.gif
97.10.11 23:41 B E:\My Docs\Publications\NHSWebsite\img19.gif --> upload.virgin.net /docs/N.H.S. img19.gif
97.10.11 23:41 B E:\My Docs\Publications\NHSWebsite\img2.gif --> upload.virgin.net /docs/N.H.S. img2.gif
97.10.11 23:41 B E:\My Docs\Publications\NHSWebsite\img20.gif --> upload.virgin.net /docs/N.H.S. img20.gif
97.10.11 23:41 B E:\My Docs\Publications\NHSWebsite\img201.gif --> upload.virgin.net /docs/N.H.S. img201.gif
97.10.11 23:41 B E:\My Docs\Publications\NHSWebsite\img21.gif --> upload.virgin.net /docs/N.H.S. img21.gif
97.10.11 23:41 B E:\My Docs\Publications\NHSWebsite\img22.gif --> upload.virgin.net /docs/N.H.S. img22.gif
97.10.11 23:41 B E:\My Docs\Publications\NHSWebsite\img23.gif --> upload.virgin.net /docs/N.H.S. img23.gif
97.10.11 23:41 B E:\My Docs\Publications\NHSWebsite\img24.gif --> upload.virgin.net /docs/N.H.S. img24.gif
97.10.11 23:41 B E:\My Docs\Publications\NHSWebsite\img25.gif --> upload.virgin.net /docs/N.H.S. img25.gif
97.10.11 23:42 B E:\My Docs\Publications\NHSWebsite\img26.gif --> upload.virgin.net /docs/N.H.S. img26.gif
97.10.11 23:42 B E:\My Docs\Publications\NHSWebsite\img27.gif --> upload.virgin.net /docs/N.H.S. img27.gif
97.10.11 23:42 B E:\My Docs\Publications\NHSWebsite\img28.gif --> upload.virgin.net /docs/N.H.S. img28.gif
97.10.11 23:42 B E:\My Docs\Publications\NHSWebsite\img29.gif --> upload.virgin.net /docs/N.H.S. img29.gif
97.10.11 23:42 B E:\My Docs\Publications\NHSWebsite\img3.gif --> upload.virgin.net /docs/N.H.S. img3.gif
97.10.11 23:42 B E:\My Docs\Publications\NHSWebsite\img30.gif --> upload.virgin.net /docs/N.H.S. img30.gif
97.10.11 23:42 B E:\My Docs\Publications\NHSWebsite\img31.gif --> upload.virgin.net /docs/N.H.S. img31.gif
97.10.11 23:42 B E:\My Docs\Publications\NHSWebsite\img32.gif --> upload.virgin.net /docs/N.H.S. img32.gif
97.10.11 23:42 B E:\My Docs\Publications\NHSWebsite\img33.gif --> upload.virgin.net /docs/N.H.S. img33.gif
97.10.11 23:42 B E:\My Docs\Publications\NHSWebsite\img34.gif --> upload.virgin.net /docs/N.H.S. img34.gif
97.10.11 23:42 B E:\My Docs\Publications\NHSWebsite\img35.gif --> upload.virgin.net /docs/N.H.S. img35.gif
97.10.11 23:42 B E:\My Docs\Publications\NHSWebsite\img36.gif --> upload.virgin.net /docs/N.H.S. img36.gif
97.10.11 23:42 B E:\My Docs\Publications\NHSWebsite\img37.gif --> upload.virgin.net /docs/N.H.S. img37.gif
97.10.11 23:42 B E:\My Docs\Publications\NHSWebsite\img38.gif --> upload.virgin.net /docs/N.H.S. img38.gif
97.10.11 23:42 B E:\My Docs\Publications\NHSWebsite\img39.gif --> upload.virgin.net /docs/N.H.S. img39.gif
97.10.11 23:42 B E:\My Docs\Publications\NHSWebsite\img4.gif --> upload.virgin.net /docs/N.H.S. img4.gif
97.10.11 23:42 B E:\My Docs\Publications\NHSWebsite\img40.gif --> upload.virgin.net /docs/N.H.S. img40.gif
97.10.11 23:42 B E:\My Docs\Publications\NHSWebsite\img41.gif --> upload.virgin.net /docs/N.H.S. img41.gif
97.10.11 23:42 B E:\My Docs\Publications\NHSWebsite\img42.gif --> upload.virgin.net /docs/N.H.S. img42.gif
97.10.11 23:42 B E:\My Docs\Publications\NHSWebsite\img43.gif --> upload.virgin.net /docs/N.H.S. img43.gif
97.10.11 23:42 B E:\My Docs\Publications\NHSWebsite\img44.gif --> upload.virgin.net /docs/N.H.S. img44.gif
97.10.11 23:42 B E:\My Docs\Publications\NHSWebsite\img45.gif --> upload.virgin.net /docs/N.H.S. img45.gif
97.10.11 23:42 B E:\My Docs\Publications\NHSWebsite\img46.gif --> upload.virgin.net /docs/N.H.S. img46.gif
97.10.11 23:42 B E:\My Docs\Publications\NHSWebsite\img47.gif --> upload.virgin.net /docs/N.H.S. img47.gif
97.10.11 23:42 B E:\My Docs\Publications\NHSWebsite\img48.gif --> upload.virgin.net /docs/N.H.S. img48.gif
97.10.11 23:42 B E:\My Docs\Publications\NHSWebsite\img49.gif --> upload.virgin.net /docs/N.H.S. img49.gif
97.10.11 23:42 B E:\My Docs\Publications\NHSWebsite\img5.gif --> upload.virgin.net /docs/N.H.S. img5.gif
97.10.11 23:42 B E:\My Docs\Publications\NHSWebsite\img50.gif --> upload.virgin.net /docs/N.H.S. img50.gif
97.10.11 23:42 B E:\My Docs\Publications\NHSWebsite\img51.gif --> upload.virgin.net /docs/N.H.S. img51.gif
97.10.11 23:42 B E:\My Docs\Publications\NHSWebsite\img52.gif --> upload.virgin.net /docs/N.H.S. img52.gif
97.10.11 23:42 B E:\My Docs\Publications\NHSWebsite\img53.gif --> upload.virgin.net /docs/N.H.S. img53.gif
97.10.11 23:42 B E:\My Docs\Publications\NHSWebsite\img54.gif --> upload.virgin.net /docs/N.H.S. img54.gif
97.10.11 23:42 B E:\My Docs\Publications\NHSWebsite\img55.gif --> upload.virgin.net /docs/N.H.S. img55.gif
97.10.11 23:42 B E:\My Docs\Publications\NHSWebsite\img56.gif --> upload.virgin.net /docs/N.H.S. img56.gif
97.10.11 23:43 B E:\My Docs\Publications\NHSWebsite\img57.gif --> upload.virgin.net /docs/N.H.S. img57.gif
97.10.11 23:43 B E:\My Docs\Publications\NHSWebsite\img58.gif --> upload.virgin.net /docs/N.H.S. img58.gif
97.10.11 23:43 B E:\My Docs\Publications\NHSWebsite\img59.gif --> upload.virgin.net /docs/N.H.S. img59.gif
97.10.11 23:43 B E:\My Docs\Publications\NHSWebsite\img6.gif --> upload.virgin.net /docs/N.H.S. img6.gif
97.10.11 23:43 B E:\My Docs\Publications\NHSWebsite\img60.gif --> upload.virgin.net /docs/N.H.S. img60.gif
97.10.11 23:43 B E:\My Docs\Publications\NHSWebsite\img61.gif --> upload.virgin.net /docs/N.H.S. img61.gif
97.10.11 23:43 B E:\My Docs\Publications\NHSWebsite\img62.gif --> upload.virgin.net /docs/N.H.S. img62.gif
97.10.11 23:43 B E:\My Docs\Publications\NHSWebsite\img63.gif --> upload.virgin.net /docs/N.H.S. img63.gif
97.10.11 23:43 B E:\My Docs\Publications\NHSWebsite\img64.gif --> upload.virgin.net /docs/N.H.S. img64.gif
97.10.11 23:43 B E:\My Docs\Publications\NHSWebsite\img65.gif --> upload.virgin.net /docs/N.H.S. img65.gif
97.10.11 23:43 B E:\My Docs\Publications\NHSWebsite\img66.gif --> upload.virgin.net /docs/N.H.S. img66.gif
97.10.11 23:43 B E:\My Docs\Publications\NHSWebsite\img67.gif --> upload.virgin.net /docs/N.H.S. img67.gif
97.10.11 23:43 B E:\My Docs\Publications\NHSWebsite\img68.gif --> upload.virgin.net /docs/N.H.S. img68.gif
97.10.11 23:43 B E:\My Docs\Publications\NHSWebsite\img69.gif --> upload.virgin.net /docs/N.H.S. img69.gif
97.10.11 23:43 B E:\My Docs\Publications\NHSWebsite\img7.gif --> upload.virgin.net /docs/N.H.S. img7.gif
97.10.11 23:43 B E:\My Docs\Publications\NHSWebsite\img70.gif --> upload.virgin.net /docs/N.H.S. img70.gif
97.10.11 23:43 B E:\My Docs\Publications\NHSWebsite\img71.gif --> upload.virgin.net /docs/N.H.S. img71.gif
97.10.11 23:43 B E:\My Docs\Publications\NHSWebsite\img72.gif --> upload.virgin.net /docs/N.H.S. img72.gif
97.10.11 23:43 B E:\My Docs\Publications\NHSWebsite\img73.gif --> upload.virgin.net /docs/N.H.S. img73.gif
97.10.11 23:43 B E:\My Docs\Publications\NHSWebsite\img74.gif --> upload.virgin.net /docs/N.H.S. img74.gif
97.10.11 23:43 B E:\My Docs\Publications\NHSWebsite\img75.gif --> upload.virgin.net /docs/N.H.S. img75.gif
97.10.11 23:43 B E:\My Docs\Publications\NHSWebsite\img76.gif --> upload.virgin.net /docs/N.H.S. img76.gif
97.10.11 23:43 B E:\My Docs\Publications\NHSWebsite\img77.gif --> upload.virgin.net /docs/N.H.S. img77.gif
97.10.11 23:43 B E:\My Docs\Publications\NHSWebsite\img78.gif --> upload.virgin.net /docs/N.H.S. img78.gif
97.10.11 23:43 B E:\My Docs\Publications\NHSWebsite\img79.gif --> upload.virgin.net /docs/N.H.S. img79.gif
97.10.11 23:43 B E:\My Docs\Publications\NHSWebsite\img8.gif --> upload.virgin.net /docs/N.H.S. img8.gif
97.10.11 23:43 B E:\My Docs\Publications\NHSWebsite\img80.gif --> upload.virgin.net /docs/N.H.S. img80.gif
97.10.11 23:43 B E:\My Docs\Publications\NHSWebsite\img81.gif --> upload.virgin.net /docs/N.H.S. img81.gif
97.10.11 23:43 B E:\My Docs\Publications\NHSWebsite\img82.gif --> upload.virgin.net /docs/N.H.S. img82.gif
97.10.11 23:43 B E:\My Docs\Publications\NHSWebsite\img83.gif --> upload.virgin.net /docs/N.H.S. img83.gif
97.10.11 23:43 B E:\My Docs\Publications\NHSWebsite\img84.gif --> upload.virgin.net /docs/N.H.S. img84.gif
97.10.11 23:43 B E:\My Docs\Publications\NHSWebsite\img85.gif --> upload.virgin.net /docs/N.H.S. img85.gif
97.10.11 23:43 B E:\My Docs\Publications\NHSWebsite\img86.gif --> upload.virgin.net /docs/N.H.S. img86.gif
97.10.11 23:44 B E:\My Docs\Publications\NHSWebsite\img87.gif --> upload.virgin.net /docs/N.H.S. img87.gif
97.10.11 23:44 B E:\My Docs\Publications\NHSWebsite\img88.gif --> upload.virgin.net /docs/N.H.S. img88.gif
97.10.11 23:44 B E:\My Docs\Publications\NHSWebsite\img89.gif --> upload.virgin.net /docs/N.H.S. img89.gif
97.10.11 23:44 B E:\My Docs\Publications\NHSWebsite\img9.gif --> upload.virgin.net /docs/N.H.S. img9.gif
97.10.11 23:44 B E:\My Docs\Publications\NHSWebsite\img90.gif --> upload.virgin.net /docs/N.H.S. img90.gif
97.10.11 23:44 B E:\My Docs\Publications\NHSWebsite\img91.gif --> upload.virgin.net /docs/N.H.S. img91.gif
97.10.11 23:44 B E:\My Docs\Publications\NHSWebsite\img92.gif --> upload.virgin.net /docs/N.H.S. img92.gif
97.10.11 23:44 B E:\My Docs\Publications\NHSWebsite\img93.gif --> upload.virgin.net /docs/N.H.S. img93.gif
97.10.11 23:44 B E:\My Docs\Publications\NHSWebsite\img94.gif --> upload.virgin.net /docs/N.H.S. img94.gif
97.10.11 23:44 B E:\My Docs\Publications\NHSWebsite\img95.gif --> upload.virgin.net /docs/N.H.S. img95.gif
97.10.11 23:44 B E:\My Docs\Publications\NHSWebsite\img96.gif --> upload.virgin.net /docs/N.H.S. img96.gif
97.10.11 23:44 B E:\My Docs\Publications\NHSWebsite\img97.gif --> upload.virgin.net /docs/N.H.S. img97.gif
97.10.11 23:44 B E:\My Docs\Publications\NHSWebsite\img98.gif --> upload.virgin.net /docs/N.H.S. img98.gif
97.10.11 23:44 B E:\My Docs\Publications\NHSWebsite\img99.gif --> upload.virgin.net /docs/N.H.S. img99.gif
97.10.11 23:44 B E:\My Docs\Publications\NHSWebsite\index.html --> upload.virgin.net /docs/N.H.S. index.html
97.10.11 23:44 B E:\My Docs\Publications\NHSWebsite\page10.html --> upload.virgin.net /docs/N.H.S. page10.html
97.10.11 23:44 B E:\My Docs\Publications\NHSWebsite\page11.html --> upload.virgin.net /docs/N.H.S. page11.html
97.10.11 23:44 B E:\My Docs\Publications\NHSWebsite\page12.html --> upload.virgin.net /docs/N.H.S. page12.html
97.10.11 23:44 B E:\My Docs\Publications\NHSWebsite\page13.html --> upload.virgin.net /docs/N.H.S. page13.html
97.10.11 23:44 B E:\My Docs\Publications\NHSWebsite\page2.html --> upload.virgin.net /docs/N.H.S. page2.html
97.10.11 23:44 B E:\My Docs\Publications\NHSWebsite\page3.html --> upload.virgin.net /docs/N.H.S. page3.html
97.10.11 23:44 B E:\My Docs\Publications\NHSWebsite\page4.html --> upload.virgin.net /docs/N.H.S. page4.html
97.10.11 23:44 B E:\My Docs\Publications\NHSWebsite\page5.html --> upload.virgin.net /docs/N.H.S. page5.html
97.10.11 23:44 B E:\My Docs\Publications\NHSWebsite\page6.html --> upload.virgin.net /docs/N.H.S. page6.html
97.10.11 23:44 B E:\My Docs\Publications\NHSWebsite\page7.html --> upload.virgin.net /docs/N.H.S. page7.html
97.10.11 23:44 B E:\My Docs\Publications\NHSWebsite\page8.html --> upload.virgin.net /docs/N.H.S. page8.html
97.10.11 23:45 B E:\My Docs\Publications\NHSWebsite\page9.html --> upload.virgin.net /docs/N.H.S. page9.html
97.10.12 02:00 B E:\My Docs\Publications\NHSWebsite\back.gif --> upload.virgin.net /docs/N.H.S. back.gif
97.10.12 02:00 B E:\My Docs\Publications\NHSWebsite\img0.gif --> upload.virgin.net /docs/N.H.S. img0.gif
97.10.12 02:00 B E:\My Docs\Publications\NHSWebsite\img1.gif --> upload.virgin.net /docs/N.H.S. img1.gif
97.10.12 02:00 B E:\My Docs\Publications\NHSWebsite\img10.gif --> upload.virgin.net /docs/N.H.S. img10.gif
97.10.12 02:00 B E:\My Docs\Publications\NHSWebsite\img100.gif --> upload.virgin.net /docs/N.H.S. img100.gif
97.10.12 02:00 B E:\My Docs\Publications\NHSWebsite\img101.gif --> upload.virgin.net /docs/N.H.S. img101.gif
97.10.12 02:00 B E:\My Docs\Publications\NHSWebsite\img102.gif --> upload.virgin.net /docs/N.H.S. img102.gif
97.10.12 02:00 B E:\My Docs\Publications\NHSWebsite\img103.gif --> upload.virgin.net /docs/N.H.S. img103.gif
97.10.12 02:00 B E:\My Docs\Publications\NHSWebsite\img104.gif --> upload.virgin.net /docs/N.H.S. img104.gif
97.10.12 02:00 B E:\My Docs\Publications\NHSWebsite\img105.gif --> upload.virgin.net /docs/N.H.S. img105.gif
97.10.12 02:00 B E:\My Docs\Publications\NHSWebsite\img106.gif --> upload.virgin.net /docs/N.H.S. img106.gif
97.10.12 02:00 B E:\My Docs\Publications\NHSWebsite\img107.gif --> upload.virgin.net /docs/N.H.S. img107.gif
97.10.12 02:00 B E:\My Docs\Publications\NHSWebsite\img108.gif --> upload.virgin.net /docs/N.H.S. img108.gif
97.10.12 02:00 B E:\My Docs\Publications\NHSWebsite\img109.gif --> upload.virgin.net /docs/N.H.S. img109.gif
97.10.12 02:00 B E:\My Docs\Publications\NHSWebsite\img11.gif --> upload.virgin.net /docs/N.H.S. img11.gif
97.10.12 02:00 B E:\My Docs\Publications\NHSWebsite\img110.gif --> upload.virgin.net /docs/N.H.S. img110.gif
97.10.12 02:00 B E:\My Docs\Publications\NHSWebsite\img111.gif --> upload.virgin.net /docs/N.H.S. img111.gif
97.10.12 02:00 B E:\My Docs\Publications\NHSWebsite\img112.gif --> upload.virgin.net /docs/N.H.S. img112.gif
97.10.12 02:00 B E:\My Docs\Publications\NHSWebsite\img113.gif --> upload.virgin.net /docs/N.H.S. img113.gif
97.10.12 02:00 B E:\My Docs\Publications\NHSWebsite\img114.gif --> upload.virgin.net /docs/N.H.S. img114.gif
97.10.12 02:00 B E:\My Docs\Publications\NHSWebsite\img115.gif --> upload.virgin.net /docs/N.H.S. img115.gif
97.10.12 02:00 B E:\My Docs\Publications\NHSWebsite\img12.gif --> upload.virgin.net /docs/N.H.S. img12.gif
97.10.12 02:00 B E:\My Docs\Publications\NHSWebsite\img13.gif --> upload.virgin.net /docs/N.H.S. img13.gif
97.10.12 02:00 B E:\My Docs\Publications\NHSWebsite\img14.gif --> upload.virgin.net /docs/N.H.S. img14.gif
97.10.12 02:00 B E:\My Docs\Publications\NHSWebsite\img15.gif --> upload.virgin.net /docs/N.H.S. img15.gif
97.10.12 02:01 B E:\My Docs\Publications\NHSWebsite\img16.gif --> upload.virgin.net /docs/N.H.S. img16.gif
97.10.12 02:01 B E:\My Docs\Publications\NHSWebsite\img17.gif --> upload.virgin.net /docs/N.H.S. img17.gif
97.10.12 02:01 B E:\My Docs\Publications\NHSWebsite\img18.gif --> upload.virgin.net /docs/N.H.S. img18.gif
97.10.12 02:01 B E:\My Docs\Publications\NHSWebsite\img19.gif --> upload.virgin.net /docs/N.H.S. img19.gif
97.10.12 02:01 B E:\My Docs\Publications\NHSWebsite\img2.gif --> upload.virgin.net /docs/N.H.S. img2.gif
97.10.12 02:01 B E:\My Docs\Publications\NHSWebsite\img20.gif --> upload.virgin.net /docs/N.H.S. img20.gif
97.10.12 02:01 B E:\My Docs\Publications\NHSWebsite\img201.gif --> upload.virgin.net /docs/N.H.S. img201.gif
97.10.12 02:01 B E:\My Docs\Publications\NHSWebsite\img21.gif --> upload.virgin.net /docs/N.H.S. img21.gif
97.10.12 02:01 B E:\My Docs\Publications\NHSWebsite\img22.gif --> upload.virgin.net /docs/N.H.S. img22.gif
97.10.12 02:01 B E:\My Docs\Publications\NHSWebsite\img23.gif --> upload.virgin.net /docs/N.H.S. img23.gif
97.10.12 02:01 B E:\My Docs\Publications\NHSWebsite\img24.gif --> upload.virgin.net /docs/N.H.S. img24.gif
97.10.12 02:01 B E:\My Docs\Publications\NHSWebsite\img25.gif --> upload.virgin.net /docs/N.H.S. img25.gif
97.10.12 02:01 B E:\My Docs\Publications\NHSWebsite\img26.gif --> upload.virgin.net /docs/N.H.S. img26.gif
97.10.12 02:01 B E:\My Docs\Publications\NHSWebsite\img27.gif --> upload.virgin.net /docs/N.H.S. img27.gif
97.10.12 02:01 B E:\My Docs\Publications\NHSWebsite\img28.gif --> upload.virgin.net /docs/N.H.S. img28.gif
97.10.12 02:01 B E:\My Docs\Publications\NHSWebsite\img29.gif --> upload.virgin.net /docs/N.H.S. img29.gif
97.10.12 02:01 B E:\My Docs\Publications\NHSWebsite\img3.gif --> upload.virgin.net /docs/N.H.S. img3.gif
97.10.12 02:01 B E:\My Docs\Publications\NHSWebsite\img30.gif --> upload.virgin.net /docs/N.H.S. img30.gif
97.10.12 02:01 B E:\My Docs\Publications\NHSWebsite\img31.gif --> upload.virgin.net /docs/N.H.S. img31.gif
97.10.12 02:01 B E:\My Docs\Publications\NHSWebsite\img32.gif --> upload.virgin.net /docs/N.H.S. img32.gif
97.10.12 02:01 B E:\My Docs\Publications\NHSWebsite\img33.gif --> upload.virgin.net /docs/N.H.S. img33.gif
97.10.12 02:01 B E:\My Docs\Publications\NHSWebsite\img34.gif --> upload.virgin.net /docs/N.H.S. img34.gif
97.10.12 02:01 B E:\My Docs\Publications\NHSWebsite\img35.gif --> upload.virgin.net /docs/N.H.S. img35.gif
97.10.12 02:01 B E:\My Docs\Publications\NHSWebsite\img36.gif --> upload.virgin.net /docs/N.H.S. img36.gif
97.10.12 02:01 B E:\My Docs\Publications\NHSWebsite\img37.gif --> upload.virgin.net /docs/N.H.S. img37.gif
97.10.12 02:01 B E:\My Docs\Publications\NHSWebsite\img38.gif --> upload.virgin.net /docs/N.H.S. img38.gif
97.10.12 02:02 B E:\My Docs\Publications\NHSWebsite\img39.gif --> upload.virgin.net /docs/N.H.S. img39.gif
97.10.12 02:02 B E:\My Docs\Publications\NHSWebsite\img4.gif --> upload.virgin.net /docs/N.H.S. img4.gif
97.10.12 02:02 B E:\My Docs\Publications\NHSWebsite\img40.gif --> upload.virgin.net /docs/N.H.S. img40.gif
97.10.12 02:02 B E:\My Docs\Publications\NHSWebsite\img41.gif --> upload.virgin.net /docs/N.H.S. img41.gif
97.10.12 02:02 B E:\My Docs\Publications\NHSWebsite\img42.gif --> upload.virgin.net /docs/N.H.S. img42.gif
97.10.12 02:02 B E:\My Docs\Publications\NHSWebsite\img43.gif --> upload.virgin.net /docs/N.H.S. img43.gif
97.10.12 02:02 B E:\My Docs\Publications\NHSWebsite\img44.gif --> upload.virgin.net /docs/N.H.S. img44.gif
97.10.12 02:02 B E:\My Docs\Publications\NHSWebsite\img45.gif --> upload.virgin.net /docs/N.H.S. img45.gif
97.10.12 02:02 B E:\My Docs\Publications\NHSWebsite\img46.gif --> upload.virgin.net /docs/N.H.S. img46.gif
97.10.12 02:02 B E:\My Docs\Publications\NHSWebsite\img47.gif --> upload.virgin.net /docs/N.H.S. img47.gif
97.10.12 02:02 B E:\My Docs\Publications\NHSWebsite\img48.gif --> upload.virgin.net /docs/N.H.S. img48.gif
97.10.12 02:02 B E:\My Docs\Publications\NHSWebsite\img49.gif --> upload.virgin.net /docs/N.H.S. img49.gif
97.10.12 02:02 B E:\My Docs\Publications\NHSWebsite\img5.gif --> upload.virgin.net /docs/N.H.S. img5.gif
97.10.12 02:02 B E:\My Docs\Publications\NHSWebsite\img50.gif --> upload.virgin.net /docs/N.H.S. img50.gif
97.10.12 02:02 B E:\My Docs\Publications\NHSWebsite\img51.gif --> upload.virgin.net /docs/N.H.S. img51.gif
97.10.12 02:02 B E:\My Docs\Publications\NHSWebsite\img52.gif --> upload.virgin.net /docs/N.H.S. img52.gif
97.10.12 02:02 B E:\My Docs\Publications\NHSWebsite\img53.gif --> upload.virgin.net /docs/N.H.S. img53.gif
97.10.12 02:02 B E:\My Docs\Publications\NHSWebsite\img54.gif --> upload.virgin.net /docs/N.H.S. img54.gif
97.10.12 02:02 B E:\My Docs\Publications\NHSWebsite\img55.gif --> upload.virgin.net /docs/N.H.S. img55.gif
97.10.12 02:02 B E:\My Docs\Publications\NHSWebsite\img56.gif --> upload.virgin.net /docs/N.H.S. img56.gif
97.10.12 02:02 B E:\My Docs\Publications\NHSWebsite\img57.gif --> upload.virgin.net /docs/N.H.S. img57.gif
97.10.12 02:02 B E:\My Docs\Publications\NHSWebsite\img58.gif --> upload.virgin.net /docs/N.H.S. img58.gif
97.10.12 02:02 B E:\My Docs\Publications\NHSWebsite\img59.gif --> upload.virgin.net /docs/N.H.S. img59.gif
97.10.12 02:02 B E:\My Docs\Publications\NHSWebsite\img6.gif --> upload.virgin.net /docs/N.H.S. img6.gif
97.10.12 02:02 B E:\My Docs\Publications\NHSWebsite\img60.gif --> upload.virgin.net /docs/N.H.S. img60.gif
97.10.12 02:02 B E:\My Docs\Publications\NHSWebsite\img61.gif --> upload.virgin.net /docs/N.H.S. img61.gif
97.10.12 02:02 B E:\My Docs\Publications\NHSWebsite\img62.gif --> upload.virgin.net /docs/N.H.S. img62.gif
97.10.12 02:02 B E:\My Docs\Publications\NHSWebsite\img63.gif --> upload.virgin.net /docs/N.H.S. img63.gif
97.10.12 02:02 B E:\My Docs\Publications\NHSWebsite\img64.gif --> upload.virgin.net /docs/N.H.S. img64.gif
97.10.12 02:02 B E:\My Docs\Publications\NHSWebsite\img65.gif --> upload.virgin.net /docs/N.H.S. img65.gif
97.10.12 02:03 B E:\My Docs\Publications\NHSWebsite\img66.gif --> upload.virgin.net /docs/N.H.S. img66.gif
97.10.12 02:03 B E:\My Docs\Publications\NHSWebsite\img67.gif --> upload.virgin.net /docs/N.H.S. img67.gif
97.10.12 02:03 B E:\My Docs\Publications\NHSWebsite\img68.gif --> upload.virgin.net /docs/N.H.S. img68.gif
97.10.12 02:03 B E:\My Docs\Publications\NHSWebsite\img69.gif --> upload.virgin.net /docs/N.H.S. img69.gif
97.10.12 02:03 B E:\My Docs\Publications\NHSWebsite\img7.gif --> upload.virgin.net /docs/N.H.S. img7.gif
97.10.12 02:03 B E:\My Docs\Publications\NHSWebsite\img70.gif --> upload.virgin.net /docs/N.H.S. img70.gif
97.10.12 02:03 B E:\My Docs\Publications\NHSWebsite\img71.gif --> upload.virgin.net /docs/N.H.S. img71.gif
97.10.12 02:03 B E:\My Docs\Publications\NHSWebsite\img72.gif --> upload.virgin.net /docs/N.H.S. img72.gif
97.10.12 02:03 B E:\My Docs\Publications\NHSWebsite\img73.gif --> upload.virgin.net /docs/N.H.S. img73.gif
97.10.12 02:03 B E:\My Docs\Publications\NHSWebsite\img74.gif --> upload.virgin.net /docs/N.H.S. img74.gif
97.10.12 02:03 B E:\My Docs\Publications\NHSWebsite\img75.gif --> upload.virgin.net /docs/N.H.S. img75.gif
97.10.12 02:03 B E:\My Docs\Publications\NHSWebsite\img76.gif --> upload.virgin.net /docs/N.H.S. img76.gif
97.10.12 02:03 B E:\My Docs\Publications\NHSWebsite\img77.gif --> upload.virgin.net /docs/N.H.S. img77.gif
97.10.12 02:03 B E:\My Docs\Publications\NHSWebsite\img78.gif --> upload.virgin.net /docs/N.H.S. img78.gif
97.10.12 02:03 B E:\My Docs\Publications\NHSWebsite\img79.gif --> upload.virgin.net /docs/N.H.S. img79.gif
97.10.12 02:03 B E:\My Docs\Publications\NHSWebsite\img8.gif --> upload.virgin.net /docs/N.H.S. img8.gif
97.10.12 02:03 B E:\My Docs\Publications\NHSWebsite\img80.gif --> upload.virgin.net /docs/N.H.S. img80.gif
97.10.12 02:03 B E:\My Docs\Publications\NHSWebsite\img81.gif --> upload.virgin.net /docs/N.H.S. img81.gif
97.10.12 02:03 B E:\My Docs\Publications\NHSWebsite\img82.gif --> upload.virgin.net /docs/N.H.S. img82.gif
97.10.12 02:03 B E:\My Docs\Publications\NHSWebsite\img83.gif --> upload.virgin.net /docs/N.H.S. img83.gif
97.10.12 02:03 B E:\My Docs\Publications\NHSWebsite\img84.gif --> upload.virgin.net /docs/N.H.S. img84.gif
97.10.12 02:03 B E:\My Docs\Publications\NHSWebsite\img85.gif --> upload.virgin.net /docs/N.H.S. img85.gif
97.10.12 02:03 B E:\My Docs\Publications\NHSWebsite\img86.gif --> upload.virgin.net /docs/N.H.S. img86.gif
97.10.12 02:03 B E:\My Docs\Publications\NHSWebsite\img87.gif --> upload.virgin.net /docs/N.H.S. img87.gif
97.10.12 02:03 B E:\My Docs\Publications\NHSWebsite\img88.gif --> upload.virgin.net /docs/N.H.S. img88.gif
97.10.12 02:03 B E:\My Docs\Publications\NHSWebsite\img89.gif --> upload.virgin.net /docs/N.H.S. img89.gif
97.10.12 02:03 B E:\My Docs\Publications\NHSWebsite\img9.gif --> upload.virgin.net /docs/N.H.S. img9.gif
97.10.12 02:03 B E:\My Docs\Publications\NHSWebsite\img90.gif --> upload.virgin.net /docs/N.H.S. img90.gif
97.10.12 02:03 B E:\My Docs\Publications\NHSWebsite\img91.gif --> upload.virgin.net /docs/N.H.S. img91.gif
97.10.12 02:03 B E:\My Docs\Publications\NHSWebsite\img92.gif --> upload.virgin.net /docs/N.H.S. img92.gif
97.10.12 02:03 B E:\My Docs\Publications\NHSWebsite\img93.gif --> upload.virgin.net /docs/N.H.S. img93.gif
97.10.12 02:04 B E:\My Docs\Publications\NHSWebsite\img94.gif --> upload.virgin.net /docs/N.H.S. img94.gif
97.10.12 02:04 B E:\My Docs\Publications\NHSWebsite\img95.gif --> upload.virgin.net /docs/N.H.S. img95.gif
97.10.12 02:04 B E:\My Docs\Publications\NHSWebsite\img96.gif --> upload.virgin.net /docs/N.H.S. img96.gif
97.10.12 02:04 B E:\My Docs\Publications\NHSWebsite\img97.gif --> upload.virgin.net /docs/N.H.S. img97.gif
97.10.12 02:04 B E:\My Docs\Publications\NHSWebsite\img98.gif --> upload.virgin.net /docs/N.H.S. img98.gif
97.10.12 02:04 B E:\My Docs\Publications\NHSWebsite\img99.gif --> upload.virgin.net /docs/N.H.S. img99.gif
97.10.12 02:04 B E:\My Docs\Publications\NHSWebsite\index.html --> upload.virgin.net /docs/N.H.S. index.html
97.10.12 02:04 B E:\My Docs\Publications\NHSWebsite\page10.html --> upload.virgin.net /docs/N.H.S. page10.html
97.10.12 02:04 B E:\My Docs\Publications\NHSWebsite\page11.html --> upload.virgin.net /docs/N.H.S. page11.html
97.10.12 02:04 B E:\My Docs\Publications\NHSWebsite\page12.html --> upload.virgin.net /docs/N.H.S. page12.html
97.10.12 02:04 B E:\My Docs\Publications\NHSWebsite\page13.html --> upload.virgin.net /docs/N.H.S. page13.html
97.10.12 02:04 B E:\My Docs\Publications\NHSWebsite\page2.html --> upload.virgin.net /docs/N.H.S. page2.html
97.10.12 02:04 B E:\My Docs\Publications\NHSWebsite\page3.html --> upload.virgin.net /docs/N.H.S. page3.html
97.10.12 02:04 B E:\My Docs\Publications\NHSWebsite\page4.html --> upload.virgin.net /docs/N.H.S. page4.html
97.10.12 02:04 B E:\My Docs\Publications\NHSWebsite\page5.html --> upload.virgin.net /docs/N.H.S. page5.html
97.10.12 02:04 B E:\My Docs\Publications\NHSWebsite\page6.html --> upload.virgin.net /docs/N.H.S. page6.html
97.10.12 02:04 B E:\My Docs\Publications\NHSWebsite\page7.html --> upload.virgin.net /docs/N.H.S. page7.html
97.10.12 02:04 B E:\My Docs\Publications\NHSWebsite\page8.html --> upload.virgin.net /docs/N.H.S. page8.html
97.10.12 02:04 B E:\My Docs\Publications\NHSWebsite\page9.html --> upload.virgin.net /docs/N.H.S. page9.html
97.10.12 02:41 B E:\My Docs\Publications\NHSWebsite\back.gif --> upload.virgin.net /docs/N.H.S. back.gif
97.10.12 02:41 B E:\My Docs\Publications\NHSWebsite\img0.gif --> upload.virgin.net /docs/N.H.S. img0.gif
97.10.12 02:41 B E:\My Docs\Publications\NHSWebsite\img1.gif --> upload.virgin.net /docs/N.H.S. img1.gif
97.10.12 02:41 B E:\My Docs\Publications\NHSWebsite\img10.gif --> upload.virgin.net /docs/N.H.S. img10.gif
97.10.12 02:41 B E:\My Docs\Publications\NHSWebsite\img100.gif --> upload.virgin.net /docs/N.H.S. img100.gif
97.10.12 02:41 B E:\My Docs\Publications\NHSWebsite\img101.gif --> upload.virgin.net /docs/N.H.S. img101.gif
97.10.12 02:41 B E:\My Docs\Publications\NHSWebsite\img102.gif --> upload.virgin.net /docs/N.H.S. img102.gif
97.10.12 02:41 B E:\My Docs\Publications\NHSWebsite\img103.gif --> upload.virgin.net /docs/N.H.S. img103.gif
97.10.12 02:41 B E:\My Docs\Publications\NHSWebsite\img104.gif --> upload.virgin.net /docs/N.H.S. img104.gif
97.10.12 02:41 B E:\My Docs\Publications\NHSWebsite\img105.gif --> upload.virgin.net /docs/N.H.S. img105.gif
97.10.12 02:41 B E:\My Docs\Publications\NHSWebsite\img106.gif --> upload.virgin.net /docs/N.H.S. img106.gif
97.10.12 02:41 B E:\My Docs\Publications\NHSWebsite\img107.gif --> upload.virgin.net /docs/N.H.S. img107.gif
97.10.12 02:41 B E:\My Docs\Publications\NHSWebsite\img108.gif --> upload.virgin.net /docs/N.H.S. img108.gif
97.10.12 02:41 B E:\My Docs\Publications\NHSWebsite\img109.gif --> upload.virgin.net /docs/N.H.S. img109.gif
97.10.12 02:41 B E:\My Docs\Publications\NHSWebsite\img11.gif --> upload.virgin.net /docs/N.H.S. img11.gif
97.10.12 02:41 B E:\My Docs\Publications\NHSWebsite\img110.gif --> upload.virgin.net /docs/N.H.S. img110.gif
97.10.12 02:41 B E:\My Docs\Publications\NHSWebsite\img111.gif --> upload.virgin.net /docs/N.H.S. img111.gif
97.10.12 02:41 B E:\My Docs\Publications\NHSWebsite\img112.gif --> upload.virgin.net /docs/N.H.S. img112.gif
97.10.12 02:41 B E:\My Docs\Publications\NHSWebsite\img113.gif --> upload.virgin.net /docs/N.H.S. img113.gif
97.10.12 02:41 B E:\My Docs\Publications\NHSWebsite\img114.gif --> upload.virgin.net /docs/N.H.S. img114.gif
97.10.12 02:41 B E:\My Docs\Publications\NHSWebsite\img115.gif --> upload.virgin.net /docs/N.H.S. img115.gif
97.10.12 02:41 B E:\My Docs\Publications\NHSWebsite\img12.gif --> upload.virgin.net /docs/N.H.S. img12.gif
97.10.12 02:42 B E:\My Docs\Publications\NHSWebsite\img13.gif --> upload.virgin.net /docs/N.H.S. img13.gif
97.10.12 02:42 B E:\My Docs\Publications\NHSWebsite\img14.gif --> upload.virgin.net /docs/N.H.S. img14.gif
97.10.12 02:42 B E:\My Docs\Publications\NHSWebsite\img15.gif --> upload.virgin.net /docs/N.H.S. img15.gif
97.10.12 02:42 B E:\My Docs\Publications\NHSWebsite\img16.gif --> upload.virgin.net /docs/N.H.S. img16.gif
97.10.12 02:42 B E:\My Docs\Publications\NHSWebsite\img17.gif --> upload.virgin.net /docs/N.H.S. img17.gif
97.10.12 02:42 B E:\My Docs\Publications\NHSWebsite\img18.gif --> upload.virgin.net /docs/N.H.S. img18.gif
97.10.12 02:42 B E:\My Docs\Publications\NHSWebsite\img19.gif --> upload.virgin.net /docs/N.H.S. img19.gif
97.10.12 02:42 B E:\My Docs\Publications\NHSWebsite\img2.gif --> upload.virgin.net /docs/N.H.S. img2.gif
97.10.12 02:42 B E:\My Docs\Publications\NHSWebsite\img20.gif --> upload.virgin.net /docs/N.H.S. img20.gif
97.10.12 02:42 B E:\My Docs\Publications\NHSWebsite\img201.gif --> upload.virgin.net /docs/N.H.S. img201.gif
97.10.12 02:42 B E:\My Docs\Publications\NHSWebsite\img21.gif --> upload.virgin.net /docs/N.H.S. img21.gif
97.10.12 02:42 B E:\My Docs\Publications\NHSWebsite\img22.gif --> upload.virgin.net /docs/N.H.S. img22.gif
97.10.12 02:42 B E:\My Docs\Publications\NHSWebsite\img23.gif --> upload.virgin.net /docs/N.H.S. img23.gif
97.10.12 02:42 B E:\My Docs\Publications\NHSWebsite\img24.gif --> upload.virgin.net /docs/N.H.S. img24.gif
97.10.12 02:42 B E:\My Docs\Publications\NHSWebsite\img25.gif --> upload.virgin.net /docs/N.H.S. img25.gif
97.10.12 02:42 B E:\My Docs\Publications\NHSWebsite\img26.gif --> upload.virgin.net /docs/N.H.S. img26.gif
97.10.12 02:42 B E:\My Docs\Publications\NHSWebsite\img27.gif --> upload.virgin.net /docs/N.H.S. img27.gif
97.10.12 02:42 B E:\My Docs\Publications\NHSWebsite\img28.gif --> upload.virgin.net /docs/N.H.S. img28.gif
97.10.12 02:42 B E:\My Docs\Publications\NHSWebsite\img29.gif --> upload.virgin.net /docs/N.H.S. img29.gif
97.10.12 02:42 B E:\My Docs\Publications\NHSWebsite\img3.gif --> upload.virgin.net /docs/N.H.S. img3.gif
97.10.12 02:42 B E:\My Docs\Publications\NHSWebsite\img30.gif --> upload.virgin.net /docs/N.H.S. img30.gif
97.10.12 02:42 B E:\My Docs\Publications\NHSWebsite\img31.gif --> upload.virgin.net /docs/N.H.S. img31.gif
97.10.12 02:42 B E:\My Docs\Publications\NHSWebsite\img32.gif --> upload.virgin.net /docs/N.H.S. img32.gif
97.10.12 02:42 B E:\My Docs\Publications\NHSWebsite\img33.gif --> upload.virgin.net /docs/N.H.S. img33.gif
97.10.12 02:42 B E:\My Docs\Publications\NHSWebsite\img34.gif --> upload.virgin.net /docs/N.H.S. img34.gif
97.10.12 02:42 B E:\My Docs\Publications\NHSWebsite\img35.gif --> upload.virgin.net /docs/N.H.S. img35.gif
97.10.12 02:42 B E:\My Docs\Publications\NHSWebsite\img36.gif --> upload.virgin.net /docs/N.H.S. img36.gif
97.10.12 02:42 B E:\My Docs\Publications\NHSWebsite\img37.gif --> upload.virgin.net /docs/N.H.S. img37.gif
97.10.12 02:42 B E:\My Docs\Publications\NHSWebsite\img38.gif --> upload.virgin.net /docs/N.H.S. img38.gif
97.10.12 02:42 B E:\My Docs\Publications\NHSWebsite\img39.gif --> upload.virgin.net /docs/N.H.S. img39.gif
97.10.12 02:43 B E:\My Docs\Publications\NHSWebsite\img4.gif --> upload.virgin.net /docs/N.H.S. img4.gif
97.10.12 02:43 B E:\My Docs\Publications\NHSWebsite\img40.gif --> upload.virgin.net /docs/N.H.S. img40.gif
97.10.12 02:43 B E:\My Docs\Publications\NHSWebsite\img41.gif --> upload.virgin.net /docs/N.H.S. img41.gif
97.10.12 02:43 B E:\My Docs\Publications\NHSWebsite\img42.gif --> upload.virgin.net /docs/N.H.S. img42.gif
97.10.12 02:43 B E:\My Docs\Publications\NHSWebsite\img43.gif --> upload.virgin.net /docs/N.H.S. img43.gif
97.10.12 02:43 B E:\My Docs\Publications\NHSWebsite\img44.gif --> upload.virgin.net /docs/N.H.S. img44.gif
97.10.12 02:43 B E:\My Docs\Publications\NHSWebsite\img45.gif --> upload.virgin.net /docs/N.H.S. img45.gif
97.10.12 02:43 B E:\My Docs\Publications\NHSWebsite\img46.gif --> upload.virgin.net /docs/N.H.S. img46.gif
97.10.12 02:43 B E:\My Docs\Publications\NHSWebsite\img47.gif --> upload.virgin.net /docs/N.H.S. img47.gif
97.10.12 02:43 B E:\My Docs\Publications\NHSWebsite\img48.gif --> upload.virgin.net /docs/N.H.S. img48.gif
97.10.12 02:43 B E:\My Docs\Publications\NHSWebsite\img49.gif --> upload.virgin.net /docs/N.H.S. img49.gif
97.10.12 02:43 B E:\My Docs\Publications\NHSWebsite\img5.gif --> upload.virgin.net /docs/N.H.S. img5.gif
97.10.12 02:43 B E:\My Docs\Publications\NHSWebsite\img50.gif --> upload.virgin.net /docs/N.H.S. img50.gif
97.10.12 02:43 B E:\My Docs\Publications\NHSWebsite\img51.gif --> upload.virgin.net /docs/N.H.S. img51.gif
97.10.12 02:43 B E:\My Docs\Publications\NHSWebsite\img52.gif --> upload.virgin.net /docs/N.H.S. img52.gif
97.10.12 02:43 B E:\My Docs\Publications\NHSWebsite\img53.gif --> upload.virgin.net /docs/N.H.S. img53.gif
97.10.12 02:43 B E:\My Docs\Publications\NHSWebsite\img54.gif --> upload.virgin.net /docs/N.H.S. img54.gif
97.10.12 02:43 B E:\My Docs\Publications\NHSWebsite\img55.gif --> upload.virgin.net /docs/N.H.S. img55.gif
97.10.12 02:43 B E:\My Docs\Publications\NHSWebsite\img56.gif --> upload.virgin.net /docs/N.H.S. img56.gif
97.10.12 02:43 B E:\My Docs\Publications\NHSWebsite\img57.gif --> upload.virgin.net /docs/N.H.S. img57.gif
97.10.12 02:43 B E:\My Docs\Publications\NHSWebsite\img58.gif --> upload.virgin.net /docs/N.H.S. img58.gif
97.10.12 02:43 B E:\My Docs\Publications\NHSWebsite\img59.gif --> upload.virgin.net /docs/N.H.S. img59.gif
97.10.12 02:43 B E:\My Docs\Publications\NHSWebsite\img6.gif --> upload.virgin.net /docs/N.H.S. img6.gif
97.10.12 02:43 B E:\My Docs\Publications\NHSWebsite\img60.gif --> upload.virgin.net /docs/N.H.S. img60.gif
97.10.12 02:43 B E:\My Docs\Publications\NHSWebsite\img61.gif --> upload.virgin.net /docs/N.H.S. img61.gif
97.10.12 02:43 B E:\My Docs\Publications\NHSWebsite\img62.gif --> upload.virgin.net /docs/N.H.S. img62.gif
97.10.12 02:43 B E:\My Docs\Publications\NHSWebsite\img63.gif --> upload.virgin.net /docs/N.H.S. img63.gif
97.10.12 02:43 B E:\My Docs\Publications\NHSWebsite\img64.gif --> upload.virgin.net /docs/N.H.S. img64.gif
97.10.12 02:43 B E:\My Docs\Publications\NHSWebsite\img65.gif --> upload.virgin.net /docs/N.H.S. img65.gif
97.10.12 02:43 B E:\My Docs\Publications\NHSWebsite\img66.gif --> upload.virgin.net /docs/N.H.S. img66.gif
97.10.12 02:44 B E:\My Docs\Publications\NHSWebsite\img67.gif --> upload.virgin.net /docs/N.H.S. img67.gif
97.10.12 02:44 B E:\My Docs\Publications\NHSWebsite\img68.gif --> upload.virgin.net /docs/N.H.S. img68.gif
97.10.12 02:44 B E:\My Docs\Publications\NHSWebsite\img69.gif --> upload.virgin.net /docs/N.H.S. img69.gif
97.10.12 02:44 B E:\My Docs\Publications\NHSWebsite\img7.gif --> upload.virgin.net /docs/N.H.S. img7.gif
97.10.12 02:44 B E:\My Docs\Publications\NHSWebsite\img70.gif --> upload.virgin.net /docs/N.H.S. img70.gif
97.10.12 02:44 B E:\My Docs\Publications\NHSWebsite\img71.gif --> upload.virgin.net /docs/N.H.S. img71.gif
97.10.12 02:44 B E:\My Docs\Publications\NHSWebsite\img72.gif --> upload.virgin.net /docs/N.H.S. img72.gif
97.10.12 02:44 B E:\My Docs\Publications\NHSWebsite\img73.gif --> upload.virgin.net /docs/N.H.S. img73.gif
97.10.12 02:44 B E:\My Docs\Publications\NHSWebsite\img74.gif --> upload.virgin.net /docs/N.H.S. img74.gif
97.10.12 02:44 B E:\My Docs\Publications\NHSWebsite\img75.gif --> upload.virgin.net /docs/N.H.S. img75.gif
97.10.12 02:44 B E:\My Docs\Publications\NHSWebsite\img76.gif --> upload.virgin.net /docs/N.H.S. img76.gif
97.10.12 02:44 B E:\My Docs\Publications\NHSWebsite\img77.gif --> upload.virgin.net /docs/N.H.S. img77.gif
97.10.12 02:44 B E:\My Docs\Publications\NHSWebsite\img78.gif --> upload.virgin.net /docs/N.H.S. img78.gif
97.10.12 02:44 B E:\My Docs\Publications\NHSWebsite\img79.gif --> upload.virgin.net /docs/N.H.S. img79.gif
97.10.12 02:44 B E:\My Docs\Publications\NHSWebsite\img8.gif --> upload.virgin.net /docs/N.H.S. img8.gif
97.10.12 02:44 B E:\My Docs\Publications\NHSWebsite\img80.gif --> upload.virgin.net /docs/N.H.S. img80.gif
97.10.12 02:45 B E:\My Docs\Publications\NHSWebsite\img81.gif --> upload.virgin.net /docs/N.H.S. img81.gif
97.10.12 02:45 B E:\My Docs\Publications\NHSWebsite\img82.gif --> upload.virgin.net /docs/N.H.S. img82.gif
97.10.12 02:45 B E:\My Docs\Publications\NHSWebsite\img83.gif --> upload.virgin.net /docs/N.H.S. img83.gif
97.10.12 02:45 B E:\My Docs\Publications\NHSWebsite\img84.gif --> upload.virgin.net /docs/N.H.S. img84.gif
97.10.12 02:45 B E:\My Docs\Publications\NHSWebsite\img85.gif --> upload.virgin.net /docs/N.H.S. img85.gif
97.10.12 02:45 B E:\My Docs\Publications\NHSWebsite\img86.gif --> upload.virgin.net /docs/N.H.S. img86.gif
97.10.12 02:45 B E:\My Docs\Publications\NHSWebsite\img87.gif --> upload.virgin.net /docs/N.H.S. img87.gif
97.10.12 02:45 B E:\My Docs\Publications\NHSWebsite\img88.gif --> upload.virgin.net /docs/N.H.S. img88.gif
97.10.12 02:45 B E:\My Docs\Publications\NHSWebsite\img89.gif --> upload.virgin.net /docs/N.H.S. img89.gif
97.10.12 02:45 B E:\My Docs\Publications\NHSWebsite\img9.gif --> upload.virgin.net /docs/N.H.S. img9.gif
97.10.12 02:45 B E:\My Docs\Publications\NHSWebsite\img90.gif --> upload.virgin.net /docs/N.H.S. img90.gif
97.10.12 02:45 B E:\My Docs\Publications\NHSWebsite\img91.gif --> upload.virgin.net /docs/N.H.S. img91.gif
97.10.12 02:45 B E:\My Docs\Publications\NHSWebsite\img92.gif --> upload.virgin.net /docs/N.H.S. img92.gif
97.10.12 02:45 B E:\My Docs\Publications\NHSWebsite\img93.gif --> upload.virgin.net /docs/N.H.S. img93.gif
97.10.12 02:45 B E:\My Docs\Publications\NHSWebsite\img94.gif --> upload.virgin.net /docs/N.H.S. img94.gif
97.10.12 02:45 B E:\My Docs\Publications\NHSWebsite\img95.gif --> upload.virgin.net /docs/N.H.S. img95.gif
97.10.12 02:45 B E:\My Docs\Publications\NHSWebsite\img96.gif --> upload.virgin.net /docs/N.H.S. img96.gif
97.10.12 02:45 B E:\My Docs\Publications\NHSWebsite\img97.gif --> upload.virgin.net /docs/N.H.S. img97.gif
97.10.12 02:45 B E:\My Docs\Publications\NHSWebsite\img98.gif --> upload.virgin.net /docs/N.H.S. img98.gif
97.10.12 02:45 B E:\My Docs\Publications\NHSWebsite\img99.gif --> upload.virgin.net /docs/N.H.S. img99.gif
97.10.12 02:45 B E:\My Docs\Publications\NHSWebsite\index.html --> upload.virgin.net /docs/N.H.S. index.html
97.10.12 02:45 B E:\My Docs\Publications\NHSWebsite\page10.html --> upload.virgin.net /docs/N.H.S. page10.html
97.10.12 02:45 B E:\My Docs\Publications\NHSWebsite\page11.html --> upload.virgin.net /docs/N.H.S. page11.html
97.10.12 02:45 B E:\My Docs\Publications\NHSWebsite\page12.html --> upload.virgin.net /docs/N.H.S. page12.html
97.10.12 02:46 B E:\My Docs\Publications\NHSWebsite\page13.html --> upload.virgin.net /docs/N.H.S. page13.html
97.10.12 02:46 B E:\My Docs\Publications\NHSWebsite\page2.html --> upload.virgin.net /docs/N.H.S. page2.html
97.10.12 02:46 B E:\My Docs\Publications\NHSWebsite\page3.html --> upload.virgin.net /docs/N.H.S. page3.html
97.10.12 02:46 B E:\My Docs\Publications\NHSWebsite\page4.html --> upload.virgin.net /docs/N.H.S. page4.html
97.10.12 02:46 B E:\My Docs\Publications\NHSWebsite\page5.html --> upload.virgin.net /docs/N.H.S. page5.html
97.10.12 02:46 B E:\My Docs\Publications\NHSWebsite\page6.html --> upload.virgin.net /docs/N.H.S. page6.html
97.10.12 02:46 B E:\My Docs\Publications\NHSWebsite\page7.html --> upload.virgin.net /docs/N.H.S. page7.html
97.10.12 02:46 B E:\My Docs\Publications\NHSWebsite\page8.html --> upload.virgin.net /docs/N.H.S. page8.html
97.10.12 02:46 B E:\My Docs\Publications\NHSWebsite\page9.html --> upload.virgin.net /docs/N.H.S. page9.html
97.10.17 21:23 B E:\My Docs\Webtext\NHSWebsite\back.gif --> upload.virgin.net /docs/N.H.S. back.gif
97.10.17 21:23 B E:\My Docs\Webtext\NHSWebsite\img10.gif --> upload.virgin.net /docs/N.H.S. img10.gif
97.10.17 21:24 B E:\My Docs\Webtext\NHSWebsite\img11.gif --> upload.virgin.net /docs/N.H.S. img11.gif
97.10.17 21:24 B E:\My Docs\Webtext\NHSWebsite\img12.gif --> upload.virgin.net /docs/N.H.S. img12.gif
97.10.17 21:24 B E:\My Docs\Webtext\NHSWebsite\img13.gif --> upload.virgin.net /docs/N.H.S. img13.gif
97.10.17 21:24 B E:\My Docs\Webtext\NHSWebsite\img2.gif --> upload.virgin.net /docs/N.H.S. img2.gif
97.10.17 21:24 B E:\My Docs\Webtext\NHSWebsite\img3.gif --> upload.virgin.net /docs/N.H.S. img3.gif
97.10.17 21:24 B E:\My Docs\Webtext\NHSWebsite\img4.gif --> upload.virgin.net /docs/N.H.S. img4.gif
97.10.17 21:24 B E:\My Docs\Webtext\NHSWebsite\img5.gif --> upload.virgin.net /docs/N.H.S. img5.gif
97.10.17 21:24 B E:\My Docs\Webtext\NHSWebsite\img6.gif --> upload.virgin.net /docs/N.H.S. img6.gif
97.10.17 21:24 B E:\My Docs\Webtext\NHSWebsite\img7.gif --> upload.virgin.net /docs/N.H.S. img7.gif
97.10.17 21:24 B E:\My Docs\Webtext\NHSWebsite\img8.gif --> upload.virgin.net /docs/N.H.S. img8.gif
97.10.17 21:24 B E:\My Docs\Webtext\NHSWebsite\img9.gif --> upload.virgin.net /docs/N.H.S. img9.gif
97.10.17 21:24 B E:\My Docs\Webtext\NHSWebsite\index.html --> upload.virgin.net /docs/N.H.S. index.html
97.10.17 21:24 B E:\My Docs\Webtext\NHSWebsite\page10.html --> upload.virgin.net /docs/N.H.S. page10.html
97.10.17 21:24 B E:\My Docs\Webtext\NHSWebsite\page11.html --> upload.virgin.net /docs/N.H.S. page11.html
97.10.17 21:24 B E:\My Docs\Webtext\NHSWebsite\page12.html --> upload.virgin.net /docs/N.H.S. page12.html
97.10.17 21:24 B E:\My Docs\Webtext\NHSWebsite\page13.html --> upload.virgin.net /docs/N.H.S. page13.html
97.10.17 21:24 B E:\My Docs\Webtext\NHSWebsite\page2.html --> upload.virgin.net /docs/N.H.S. page2.html
97.10.17 21:24 B E:\My Docs\Webtext\NHSWebsite\page3.html --> upload.virgin.net /docs/N.H.S. page3.html
97.10.17 21:24 B E:\My Docs\Webtext\NHSWebsite\page4.html --> upload.virgin.net /docs/N.H.S. page4.html
97.10.17 21:24 B E:\My Docs\Webtext\NHSWebsite\page5.html --> upload.virgin.net /docs/N.H.S. page5.html
97.10.17 21:24 B E:\My Docs\Webtext\NHSWebsite\page6.html --> upload.virgin.net /docs/N.H.S. page6.html
97.10.17 21:24 B E:\My Docs\Webtext\NHSWebsite\page7.html --> upload.virgin.net /docs/N.H.S. page7.html
97.10.17 21:24 B E:\My Docs\Webtext\NHSWebsite\page8.html --> upload.virgin.net /docs/N.H.S. page8.html
97.10.17 21:25 B E:\My Docs\Webtext\NHSWebsite\page9.html --> upload.virgin.net /docs/N.H.S. page9.html
97.10.17 22:44 B E:\My Docs\Webtext\NHSWebsite\index.html --> upload.virgin.net /docs/N.H.S. index.html
97.10.18 18:10 B E:\My Docs\Webtext\NHSWebsite\index.html --> upload.virgin.net /docs/N.H.S. index.html
97.10.18 18:10 B E:\My Docs\Webtext\NHSWebsite\page10.html --> upload.virgin.net /docs/N.H.S. page10.html
97.10.18 18:10 B E:\My Docs\Webtext\NHSWebsite\page11.html --> upload.virgin.net /docs/N.H.S. page11.html
97.10.18 18:10 B E:\My Docs\Webtext\NHSWebsite\page12.html --> upload.virgin.net /docs/N.H.S. page12.html
97.10.18 18:10 B E:\My Docs\Webtext\NHSWebsite\page13.html --> upload.virgin.net /docs/N.H.S. page13.html
97.10.18 18:10 B E:\My Docs\Webtext\NHSWebsite\page2.html --> upload.virgin.net /docs/N.H.S. page2.html
97.10.18 18:10 B E:\My Docs\Webtext\NHSWebsite\page3.html --> upload.virgin.net /docs/N.H.S. page3.html
97.10.18 18:10 B E:\My Docs\Webtext\NHSWebsite\page4.html --> upload.virgin.net /docs/N.H.S. page4.html
97.10.18 18:10 B E:\My Docs\Webtext\NHSWebsite\page5.html --> upload.virgin.net /docs/N.H.S. page5.html
97.10.18 18:10 B E:\My Docs\Webtext\NHSWebsite\page6.html --> upload.virgin.net /docs/N.H.S. page6.html
97.10.18 18:10 B E:\My Docs\Webtext\NHSWebsite\page7.html --> upload.virgin.net /docs/N.H.S. page7.html
97.10.18 18:10 B E:\My Docs\Webtext\NHSWebsite\page8.html --> upload.virgin.net /docs/N.H.S. page8.html
97.10.18 18:10 B E:\My Docs\Webtext\NHSWebsite\page9.html --> upload.virgin.net /docs/N.H.S. page9.html
97.10.18 19:07 B E:\My Docs\Webtext\NHSWebsite\index.html --> upload.virgin.net /docs/N.H.S. index.html
97.10.18 19:07 B E:\My Docs\Webtext\NHSWebsite\page10.html --> upload.virgin.net /docs/N.H.S. page10.html
97.10.18 19:07 B E:\My Docs\Webtext\NHSWebsite\page11.html --> upload.virgin.net /docs/N.H.S. page11.html
97.10.18 19:07 B E:\My Docs\Webtext\NHSWebsite\page12.html --> upload.virgin.net /docs/N.H.S. page12.html
97.10.18 19:07 B E:\My Docs\Webtext\NHSWebsite\page13.html --> upload.virgin.net /docs/N.H.S. page13.html
97.10.18 19:07 B E:\My Docs\Webtext\NHSWebsite\page2.html --> upload.virgin.net /docs/N.H.S. page2.html
97.10.18 19:07 B E:\My Docs\Webtext\NHSWebsite\page3.html --> upload.virgin.net /docs/N.H.S. page3.html
97.10.18 19:07 B E:\My Docs\Webtext\NHSWebsite\page4.html --> upload.virgin.net /docs/N.H.S. page4.html
97.10.18 19:07 B E:\My Docs\Webtext\NHSWebsite\page5.html --> upload.virgin.net /docs/N.H.S. page5.html
97.10.18 19:07 B E:\My Docs\Webtext\NHSWebsite\page6.html --> upload.virgin.net /docs/N.H.S. page6.html
97.10.18 19:08 B E:\My Docs\Webtext\NHSWebsite\page7.html --> upload.virgin.net /docs/N.H.S. page7.html
97.10.18 19:08 B E:\My Docs\Webtext\NHSWebsite\page8.html --> upload.virgin.net /docs/N.H.S. page8.html
97.10.18 19:08 B E:\My Docs\Webtext\NHSWebsite\page9.html --> upload.virgin.net /docs/N.H.S. page9.html
97.10.18 19:49 B E:\My Docs\Webtext\NHSWebsite\index.html --> upload.virgin.net /docs/N.H.S. index.html
97.10.18 19:49 B E:\My Docs\Webtext\NHSWebsite\page10.html --> upload.virgin.net /docs/N.H.S. page10.html
97.10.18 19:49 B E:\My Docs\Webtext\NHSWebsite\page11.html --> upload.virgin.net /docs/N.H.S. page11.html
97.10.18 19:49 B E:\My Docs\Webtext\NHSWebsite\page12.html --> upload.virgin.net /docs/N.H.S. page12.html
97.10.18 19:49 B E:\My Docs\Webtext\NHSWebsite\page13.html --> upload.virgin.net /docs/N.H.S. page13.html
97.10.18 19:49 B E:\My Docs\Webtext\NHSWebsite\page2.html --> upload.virgin.net /docs/N.H.S. page2.html
97.10.18 19:49 B E:\My Docs\Webtext\NHSWebsite\page3.html --> upload.virgin.net /docs/N.H.S. page3.html
97.10.18 19:49 B E:\My Docs\Webtext\NHSWebsite\page4.html --> upload.virgin.net /docs/N.H.S. page4.html
97.10.18 19:49 B E:\My Docs\Webtext\NHSWebsite\page5.html --> upload.virgin.net /docs/N.H.S. page5.html
97.10.18 19:49 B E:\My Docs\Webtext\NHSWebsite\page6.html --> upload.virgin.net /docs/N.H.S. page6.html
97.10.18 19:49 B E:\My Docs\Webtext\NHSWebsite\page7.html --> upload.virgin.net /docs/N.H.S. page7.html
97.10.18 19:49 B E:\My Docs\Webtext\NHSWebsite\page8.html --> upload.virgin.net /docs/N.H.S. page8.html
97.10.18 19:49 B E:\My Docs\Webtext\NHSWebsite\page9.html --> upload.virgin.net /docs/N.H.S. page9.html
97.10.23 00:29 B E:\My Docs\Freespace7\N.H.S\index.html --> upload.virgin.net /docs/N.H.S. index.html
97.10.23 00:29 B E:\My Docs\Freespace7\N.H.S\page10.html --> upload.virgin.net /docs/N.H.S. page10.html
97.10.23 00:29 B E:\My Docs\Freespace7\N.H.S\page11.html --> upload.virgin.net /docs/N.H.S. page11.html
97.10.23 00:29 B E:\My Docs\Freespace7\N.H.S\page12.html --> upload.virgin.net /docs/N.H.S. page12.html
97.10.23 00:29 B E:\My Docs\Freespace7\N.H.S\page13.html --> upload.virgin.net /docs/N.H.S. page13.html
97.10.23 00:29 B E:\My Docs\Freespace7\N.H.S\page2.html --> upload.virgin.net /docs/N.H.S. page2.html
97.10.23 00:29 B E:\My Docs\Freespace7\N.H.S\page3.html --> upload.virgin.net /docs/N.H.S. page3.html
97.10.23 00:29 B E:\My Docs\Freespace7\N.H.S\page4.html --> upload.virgin.net /docs/N.H.S. page4.html
97.10.23 00:29 B E:\My Docs\Freespace7\N.H.S\page5.html --> upload.virgin.net /docs/N.H.S. page5.html
97.10.23 00:30 B E:\My Docs\Freespace7\N.H.S\page6.html --> upload.virgin.net /docs/N.H.S. page6.html
97.10.23 00:30 B E:\My Docs\Freespace7\N.H.S\page7.html --> upload.virgin.net /docs/N.H.S. page7.html
97.10.23 00:30 B E:\My Docs\Freespace7\N.H.S\page8.html --> upload.virgin.net /docs/N.H.S. page8.html
97.10.23 00:30 B E:\My Docs\Freespace7\N.H.S\page9.html --> upload.virgin.net /docs/N.H.S. page9.html
97.10.23 02:01 B E:\My Docs\Freespace7\N.H.S\index.html --> upload.virgin.net /docs/N.H.S. index.html
97.10.23 02:01 B E:\My Docs\Freespace7\N.H.S\page10.html --> upload.virgin.net /docs/N.H.S. page10.html
97.10.23 02:01 B E:\My Docs\Freespace7\N.H.S\page11.html --> upload.virgin.net /docs/N.H.S. page11.html
97.10.23 02:01 B E:\My Docs\Freespace7\N.H.S\page12.html --> upload.virgin.net /docs/N.H.S. page12.html
97.10.23 02:01 B E:\My Docs\Freespace7\N.H.S\page13.html --> upload.virgin.net /docs/N.H.S. page13.html
97.10.23 02:01 B E:\My Docs\Freespace7\N.H.S\page2.html --> upload.virgin.net /docs/N.H.S. page2.html
97.10.23 02:01 B E:\My Docs\Freespace7\N.H.S\page3.html --> upload.virgin.net /docs/N.H.S. page3.html
97.10.23 02:01 B E:\My Docs\Freespace7\N.H.S\page4.html --> upload.virgin.net /docs/N.H.S. page4.html
97.10.23 02:01 B E:\My Docs\Freespace7\N.H.S\page5.html --> upload.virgin.net /docs/N.H.S. page5.html
97.10.23 02:01 B E:\My Docs\Freespace7\N.H.S\page6.html --> upload.virgin.net /docs/N.H.S. page6.html
97.10.23 02:01 B E:\My Docs\Freespace7\N.H.S\page7.html --> upload.virgin.net /docs/N.H.S. page7.html
97.10.23 02:01 B E:\My Docs\Freespace7\N.H.S\page8.html --> upload.virgin.net /docs/N.H.S. page8.html
97.10.23 02:01 B E:\My Docs\Freespace7\N.H.S\page9.html --> upload.virgin.net /docs/N.H.S. page9.html
97.10.23 13:22 B E:\My Docs\Freespace7\N.H.S\img10.gif --> upload.virgin.net /docs/N.H.S img10.gif
97.10.23 13:22 B E:\My Docs\Freespace7\N.H.S\img11.gif --> upload.virgin.net /docs/N.H.S img11.gif
97.10.23 13:22 B E:\My Docs\Freespace7\N.H.S\img12.gif --> upload.virgin.net /docs/N.H.S img12.gif
97.10.23 13:22 B E:\My Docs\Freespace7\N.H.S\img13.gif --> upload.virgin.net /docs/N.H.S img13.gif
97.10.23 13:22 B E:\My Docs\Freespace7\N.H.S\img2.gif --> upload.virgin.net /docs/N.H.S img2.gif
97.10.23 13:22 B E:\My Docs\Freespace7\N.H.S\img3.gif --> upload.virgin.net /docs/N.H.S img3.gif
97.10.23 13:22 B E:\My Docs\Freespace7\N.H.S\img4.gif --> upload.virgin.net /docs/N.H.S img4.gif
97.10.23 13:22 B E:\My Docs\Freespace7\N.H.S\img5.gif --> upload.virgin.net /docs/N.H.S img5.gif
97.10.23 13:22 B E:\My Docs\Freespace7\N.H.S\img6.gif --> upload.virgin.net /docs/N.H.S img6.gif
97.10.23 13:23 B E:\My Docs\Freespace7\N.H.S\img7.gif --> upload.virgin.net /docs/N.H.S img7.gif
97.10.23 13:23 B E:\My Docs\Freespace7\N.H.S\img8.gif --> upload.virgin.net /docs/N.H.S img8.gif
97.10.23 13:23 B E:\My Docs\Freespace7\N.H.S\img9.gif --> upload.virgin.net /docs/N.H.S img9.gif
97.10.23 13:23 B E:\My Docs\Freespace7\N.H.S\index.html --> upload.virgin.net /docs/N.H.S index.html
97.10.23 13:23 B E:\My Docs\Freespace7\N.H.S\page10.html --> upload.virgin.net /docs/N.H.S page10.html
97.10.23 13:23 B E:\My Docs\Freespace7\N.H.S\page11.html --> upload.virgin.net /docs/N.H.S page11.html
97.10.23 13:23 B E:\My Docs\Freespace7\N.H.S\page12.html --> upload.virgin.net /docs/N.H.S page12.html
97.10.23 13:23 B E:\My Docs\Freespace7\N.H.S\page13.html --> upload.virgin.net /docs/N.H.S page13.html
97.10.23 13:23 B E:\My Docs\Freespace7\N.H.S\page2.html --> upload.virgin.net /docs/N.H.S page2.html
97.10.23 13:23 B E:\My Docs\Freespace7\N.H.S\page3.html --> upload.virgin.net /docs/N.H.S page3.html
97.10.23 13:23 B E:\My Docs\Freespace7\N.H.S\page4.html --> upload.virgin.net /docs/N.H.S page4.html
97.10.23 13:23 B E:\My Docs\Freespace7\N.H.S\page5.html --> upload.virgin.net /docs/N.H.S page5.html
97.10.23 13:23 B E:\My Docs\Freespace7\N.H.S\page6.html --> upload.virgin.net /docs/N.H.S page6.html
97.10.23 13:23 B E:\My Docs\Freespace7\N.H.S\page7.html --> upload.virgin.net /docs/N.H.S page7.html
97.10.23 13:23 B E:\My Docs\Freespace7\N.H.S\page8.html --> upload.virgin.net /docs/N.H.S page8.html
97.10.23 13:23 B E:\My Docs\Freespace7\N.H.S\page9.html --> upload.virgin.net /docs/N.H.S page9.html
97.10.23 13:23 B E:\My Docs\Freespace7\N.H.S\WS_FTP.LOG --> upload.virgin.net /docs/N.H.S WS_FTP.LOG
97.10.23 13:33 B E:\My Docs\Freespace7\N.H.S\index.html --> upload.virgin.net /docs/N.H.S index.html
97.10.23 13:33 B E:\My Docs\Freespace7\N.H.S\page10.html --> upload.virgin.net /docs/N.H.S page10.html
97.10.23 13:33 B E:\My Docs\Freespace7\N.H.S\page11.html --> upload.virgin.net /docs/N.H.S page11.html
97.10.23 13:33 B E:\My Docs\Freespace7\N.H.S\page12.html --> upload.virgin.net /docs/N.H.S page12.html
97.10.23 13:33 B E:\My Docs\Freespace7\N.H.S\page13.html --> upload.virgin.net /docs/N.H.S page13.html
97.10.23 13:33 B E:\My Docs\Freespace7\N.H.S\page2.html --> upload.virgin.net /docs/N.H.S page2.html
97.10.23 13:33 B E:\My Docs\Freespace7\N.H.S\page3.html --> upload.virgin.net /docs/N.H.S page3.html
97.10.23 13:33 B E:\My Docs\Freespace7\N.H.S\page4.html --> upload.virgin.net /docs/N.H.S page4.html
97.10.23 13:33 B E:\My Docs\Freespace7\N.H.S\page5.html --> upload.virgin.net /docs/N.H.S page5.html
97.10.23 13:33 B E:\My Docs\Freespace7\N.H.S\page6.html --> upload.virgin.net /docs/N.H.S page6.html
97.10.23 13:33 B E:\My Docs\Freespace7\N.H.S\page7.html --> upload.virgin.net /docs/N.H.S page7.html
97.10.23 13:33 B E:\My Docs\Freespace7\N.H.S\page8.html --> upload.virgin.net /docs/N.H.S page8.html
97.10.23 13:33 B E:\My Docs\Freespace7\N.H.S\page9.html --> upload.virgin.net /docs/N.H.S page9.html
97.10.23 13:59 B E:\My Docs\Freespace7\N.H.S\index.html --> upload.virgin.net /docs/N.H.S index.html
97.10.23 13:59 B E:\My Docs\Freespace7\N.H.S\page10.html --> upload.virgin.net /docs/N.H.S page10.html
97.10.23 13:59 B E:\My Docs\Freespace7\N.H.S\page11.html --> upload.virgin.net /docs/N.H.S page11.html
97.10.23 13:59 B E:\My Docs\Freespace7\N.H.S\page12.html --> upload.virgin.net /docs/N.H.S page12.html
97.10.23 13:59 B E:\My Docs\Freespace7\N.H.S\page13.html --> upload.virgin.net /docs/N.H.S page13.html
97.10.23 13:59 B E:\My Docs\Freespace7\N.H.S\page2.html --> upload.virgin.net /docs/N.H.S page2.html
97.10.23 13:59 B E:\My Docs\Freespace7\N.H.S\page3.html --> upload.virgin.net /docs/N.H.S page3.html
97.10.23 13:59 B E:\My Docs\Freespace7\N.H.S\page4.html --> upload.virgin.net /docs/N.H.S page4.html
97.10.23 13:59 B E:\My Docs\Freespace7\N.H.S\page5.html --> upload.virgin.net /docs/N.H.S page5.html
97.10.23 13:59 B E:\My Docs\Freespace7\N.H.S\page6.html --> upload.virgin.net /docs/N.H.S page6.html
97.10.23 13:59 B E:\My Docs\Freespace7\N.H.S\page7.html --> upload.virgin.net /docs/N.H.S page7.html
97.10.23 13:59 B E:\My Docs\Freespace7\N.H.S\page8.html --> upload.virgin.net /docs/N.H.S page8.html
97.10.23 13:59 B E:\My Docs\Freespace7\N.H.S\page9.html --> upload.virgin.net /docs/N.H.S page9.html
97.10.23 17:30 B E:\My Docs\Freespace7\N.H.S\img10.gif --> upload.virgin.net /docs/N.H.S img10.gif
97.10.23 17:30 B E:\My Docs\Freespace7\N.H.S\img11.gif --> upload.virgin.net /docs/N.H.S img11.gif
97.10.23 17:30 B E:\My Docs\Freespace7\N.H.S\img12.gif --> upload.virgin.net /docs/N.H.S img12.gif
97.10.23 17:30 B E:\My Docs\Freespace7\N.H.S\img13.gif --> upload.virgin.net /docs/N.H.S img13.gif
97.10.23 17:30 B E:\My Docs\Freespace7\N.H.S\img2.gif --> upload.virgin.net /docs/N.H.S img2.gif
97.10.23 17:30 B E:\My Docs\Freespace7\N.H.S\img3.gif --> upload.virgin.net /docs/N.H.S img3.gif
97.10.23 17:30 B E:\My Docs\Freespace7\N.H.S\img4.gif --> upload.virgin.net /docs/N.H.S img4.gif
97.10.23 17:30 B E:\My Docs\Freespace7\N.H.S\img5.gif --> upload.virgin.net /docs/N.H.S img5.gif
97.10.23 17:31 B E:\My Docs\Freespace7\N.H.S\img6.gif --> upload.virgin.net /docs/N.H.S img6.gif
97.10.23 17:31 B E:\My Docs\Freespace7\N.H.S\img7.gif --> upload.virgin.net /docs/N.H.S img7.gif
97.10.23 17:31 B E:\My Docs\Freespace7\N.H.S\img8.gif --> upload.virgin.net /docs/N.H.S img8.gif
97.10.23 17:31 B E:\My Docs\Freespace7\N.H.S\img9.gif --> upload.virgin.net /docs/N.H.S img9.gif
97.10.23 17:31 B E:\My Docs\Freespace7\N.H.S\index.html --> upload.virgin.net /docs/N.H.S index.html
97.10.23 17:31 B E:\My Docs\Freespace7\N.H.S\page10.html --> upload.virgin.net /docs/N.H.S page10.html
97.10.23 17:31 B E:\My Docs\Freespace7\N.H.S\page11.html --> upload.virgin.net /docs/N.H.S page11.html
97.10.23 17:31 B E:\My Docs\Freespace7\N.H.S\page12.html --> upload.virgin.net /docs/N.H.S page12.html
97.10.23 17:31 B E:\My Docs\Freespace7\N.H.S\page13.html --> upload.virgin.net /docs/N.H.S page13.html
97.10.23 17:31 B E:\My Docs\Freespace7\N.H.S\page2.html --> upload.virgin.net /docs/N.H.S page2.html
97.10.23 17:31 B E:\My Docs\Freespace7\N.H.S\page3.html --> upload.virgin.net /docs/N.H.S page3.html
97.10.23 17:31 B E:\My Docs\Freespace7\N.H.S\page4.html --> upload.virgin.net /docs/N.H.S page4.html
97.10.23 17:31 B E:\My Docs\Freespace7\N.H.S\page5.html --> upload.virgin.net /docs/N.H.S page5.html
97.10.23 17:31 B E:\My Docs\Freespace7\N.H.S\page6.html --> upload.virgin.net /docs/N.H.S page6.html
97.10.23 17:31 B E:\My Docs\Freespace7\N.H.S\page7.html --> upload.virgin.net /docs/N.H.S page7.html
97.10.23 17:31 B E:\My Docs\Freespace7\N.H.S\page8.html --> upload.virgin.net /docs/N.H.S page8.html
97.10.23 17:31 B E:\My Docs\Freespace7\N.H.S\page9.html --> upload.virgin.net /docs/N.H.S page9.html
97.10.23 17:50 B E:\My Docs\Freespace7\N.H.S\index.html --> upload.virgin.net /docs/N.H.S index.html
97.10.23 18:12 B E:\My Docs\Freespace7\N.H.S\index.html --> upload.virgin.net /docs/N.H.S index.html
97.10.23 18:12 B E:\My Docs\Freespace7\N.H.S\page10.html --> upload.virgin.net /docs/N.H.S page10.html
97.10.23 18:12 B E:\My Docs\Freespace7\N.H.S\page11.html --> upload.virgin.net /docs/N.H.S page11.html
97.10.23 18:12 B E:\My Docs\Freespace7\N.H.S\page12.html --> upload.virgin.net /docs/N.H.S page12.html
97.10.23 18:12 B E:\My Docs\Freespace7\N.H.S\page13.html --> upload.virgin.net /docs/N.H.S page13.html
97.10.23 18:12 B E:\My Docs\Freespace7\N.H.S\page2.html --> upload.virgin.net /docs/N.H.S page2.html
97.10.23 18:12 B E:\My Docs\Freespace7\N.H.S\page3.html --> upload.virgin.net /docs/N.H.S page3.html
97.10.23 18:12 B E:\My Docs\Freespace7\N.H.S\page4.html --> upload.virgin.net /docs/N.H.S page4.html
97.10.23 18:12 B E:\My Docs\Freespace7\N.H.S\page5.html --> upload.virgin.net /docs/N.H.S page5.html
97.10.23 18:12 B E:\My Docs\Freespace7\N.H.S\page6.html --> upload.virgin.net /docs/N.H.S page6.html
97.10.23 18:12 B E:\My Docs\Freespace7\N.H.S\page7.html --> upload.virgin.net /docs/N.H.S page7.html
97.10.23 18:12 B E:\My Docs\Freespace7\N.H.S\page8.html --> upload.virgin.net /docs/N.H.S page8.html
97.10.23 18:12 B E:\My Docs\Freespace7\N.H.S\page9.html --> upload.virgin.net /docs/N.H.S page9.html
97.10.26 21:29 B E:\My Docs\Freespace7\N.H.S\index.html --> upload.virgin.net /docs/N.H.S index.html
97.11.01 01:47 B E:\My Docs\Freespace7\N.H.S\index.html --> upload.virgin.net /docs/N.H.S index.html
97.11.01 01:47 B E:\My Docs\Freespace7\N.H.S\page10.html --> upload.virgin.net /docs/N.H.S page10.html
97.11.01 01:47 B E:\My Docs\Freespace7\N.H.S\page11.html --> upload.virgin.net /docs/N.H.S page11.html
97.11.01 01:47 B E:\My Docs\Freespace7\N.H.S\page12.html --> upload.virgin.net /docs/N.H.S page12.html
97.11.01 01:47 B E:\My Docs\Freespace7\N.H.S\page13.html --> upload.virgin.net /docs/N.H.S page13.html
97.11.01 01:47 B E:\My Docs\Freespace7\N.H.S\page2.html --> upload.virgin.net /docs/N.H.S page2.html
97.11.01 01:47 B E:\My Docs\Freespace7\N.H.S\page3.html --> upload.virgin.net /docs/N.H.S page3.html
97.11.01 01:48 B E:\My Docs\Freespace7\N.H.S\page4.html --> upload.virgin.net /docs/N.H.S page4.html
97.11.01 01:48 B E:\My Docs\Freespace7\N.H.S\page5.html --> upload.virgin.net /docs/N.H.S page5.html
97.11.01 01:48 B E:\My Docs\Freespace7\N.H.S\page6.html --> upload.virgin.net /docs/N.H.S page6.html
97.11.01 01:48 B E:\My Docs\Freespace7\N.H.S\page7.html --> upload.virgin.net /docs/N.H.S page7.html
97.11.01 01:48 B E:\My Docs\Freespace7\N.H.S\page8.html --> upload.virgin.net /docs/N.H.S page8.html
97.11.01 01:48 B E:\My Docs\Freespace7\N.H.S\page9.html --> upload.virgin.net /docs/N.H.S page9.html
97.11.22 11:38 B D:\My Docs\Freespace7\N.H.S\page5.html --> upload.virgin.net /docs/N.H.S page5.html
98.09.14 01:09 B O:\My Documents\My Docs\Freespace7\N.H.S\img10.gif --> upload.virgin.net /docs/N.H.S img10.gif
98.09.14 01:09 B O:\My Documents\My Docs\Freespace7\N.H.S\img11.gif --> upload.virgin.net /docs/N.H.S img11.gif
98.09.14 01:10 B O:\My Documents\My Docs\Freespace7\N.H.S\img12.gif --> upload.virgin.net /docs/N.H.S img12.gif
98.09.14 01:10 B O:\My Documents\My Docs\Freespace7\N.H.S\img13.gif --> upload.virgin.net /docs/N.H.S img13.gif
98.09.14 01:10 B O:\My Documents\My Docs\Freespace7\N.H.S\img2.gif --> upload.virgin.net /docs/N.H.S img2.gif
98.09.14 01:10 B O:\My Documents\My Docs\Freespace7\N.H.S\img3.gif --> upload.virgin.net /docs/N.H.S img3.gif
98.09.14 01:10 B O:\My Documents\My Docs\Freespace7\N.H.S\img4.gif --> upload.virgin.net /docs/N.H.S img4.gif
98.09.14 01:10 B O:\My Documents\My Docs\Freespace7\N.H.S\img5.gif --> upload.virgin.net /docs/N.H.S img5.gif
98.09.14 01:10 B O:\My Documents\My Docs\Freespace7\N.H.S\img6.gif --> upload.virgin.net /docs/N.H.S img6.gif
98.09.14 01:10 B O:\My Documents\My Docs\Freespace7\N.H.S\img7.gif --> upload.virgin.net /docs/N.H.S img7.gif
98.09.14 01:10 B O:\My Documents\My Docs\Freespace7\N.H.S\img8.gif --> upload.virgin.net /docs/N.H.S img8.gif
98.09.14 01:10 B O:\My Documents\My Docs\Freespace7\N.H.S\img9.gif --> upload.virgin.net /docs/N.H.S img9.gif
98.09.14 01:10 B O:\My Documents\My Docs\Freespace7\N.H.S\index.html --> upload.virgin.net /docs/N.H.S index.html
98.09.14 01:10 B O:\My Documents\My Docs\Freespace7\N.H.S\page10.html --> upload.virgin.net /docs/N.H.S page10.html
98.09.14 01:10 B O:\My Documents\My Docs\Freespace7\N.H.S\page11.html --> upload.virgin.net /docs/N.H.S page11.html
98.09.14 01:10 B O:\My Documents\My Docs\Freespace7\N.H.S\page12.html --> upload.virgin.net /docs/N.H.S page12.html
98.09.14 01:10 B O:\My Documents\My Docs\Freespace7\N.H.S\page13.html --> upload.virgin.net /docs/N.H.S page13.html
98.09.14 01:10 B O:\My Documents\My Docs\Freespace7\N.H.S\page2.html --> upload.virgin.net /docs/N.H.S page2.html
98.09.14 01:10 B O:\My Documents\My Docs\Freespace7\N.H.S\page3.html --> upload.virgin.net /docs/N.H.S page3.html
98.09.14 01:10 B O:\My Documents\My Docs\Freespace7\N.H.S\page4.html --> upload.virgin.net /docs/N.H.S page4.html
98.09.14 01:10 B O:\My Documents\My Docs\Freespace7\N.H.S\page5.html --> upload.virgin.net /docs/N.H.S page5.html
98.09.14 01:10 B O:\My Documents\My Docs\Freespace7\N.H.S\page6.html --> upload.virgin.net /docs/N.H.S page6.html
98.09.14 01:10 B O:\My Documents\My Docs\Freespace7\N.H.S\page7.html --> upload.virgin.net /docs/N.H.S page7.html
98.09.14 01:10 B O:\My Documents\My Docs\Freespace7\N.H.S\page8.html --> upload.virgin.net /docs/N.H.S page8.html
98.09.14 01:10 B O:\My Documents\My Docs\Freespace7\N.H.S\page9.html --> upload.virgin.net /docs/N.H.S page9.html
